{"/Users/andrean.buhchev/Documents/ReactNative/2048GameByAndyBuhchev/components/Button.js": {"path":"/Users/andrean.buhchev/Documents/ReactNative/2048GameByAndyBuhchev/components/Button.js","statementMap":{"0":{"start":{"line":4,"column":2},"end":{"line":10,"column":4}}},"fnMap":{"0":{"name":"Button","decl":{"start":{"line":3,"column":9},"end":{"line":3,"column":15}},"loc":{"start":{"line":3,"column":23},"end":{"line":11,"column":1}},"line":3}},"branchMap":{},"s":{"0":41},"f":{"0":41},"b":{},"_coverageSchema":"1a1c01bbd47fc00a2c39e90264f33305004495a9","hash":"c21325d14e295b1bb3e29eb63b10b46cd1d429d2"}
,"/Users/andrean.buhchev/Documents/ReactNative/2048GameByAndyBuhchev/components/Logo.js": {"path":"/Users/andrean.buhchev/Documents/ReactNative/2048GameByAndyBuhchev/components/Logo.js","statementMap":{"0":{"start":{"line":4,"column":2},"end":{"line":8,"column":4}}},"fnMap":{"0":{"name":"Logo","decl":{"start":{"line":3,"column":9},"end":{"line":3,"column":13}},"loc":{"start":{"line":3,"column":21},"end":{"line":9,"column":1}},"line":3}},"branchMap":{},"s":{"0":20},"f":{"0":20},"b":{},"_coverageSchema":"1a1c01bbd47fc00a2c39e90264f33305004495a9","hash":"6f3a9447edd50ce864ab8f6ccc389ccdafc2e9a2"}
,"/Users/andrean.buhchev/Documents/ReactNative/2048GameByAndyBuhchev/components/StyledTextInput.js": {"path":"/Users/andrean.buhchev/Documents/ReactNative/2048GameByAndyBuhchev/components/StyledTextInput.js","statementMap":{"0":{"start":{"line":3,"column":24},"end":{"line":10,"column":1}}},"fnMap":{},"branchMap":{},"s":{"0":3},"f":{},"b":{},"_coverageSchema":"1a1c01bbd47fc00a2c39e90264f33305004495a9","hash":"a34cf53b2bc1346ab508efc09299a2987ea3724c"}
,"/Users/andrean.buhchev/Documents/ReactNative/2048GameByAndyBuhchev/components/Leaderboard/LeaderboardList.js": {"path":"/Users/andrean.buhchev/Documents/ReactNative/2048GameByAndyBuhchev/components/Leaderboard/LeaderboardList.js","statementMap":{"0":{"start":{"line":6,"column":2},"end":{"line":15,"column":4}},"1":{"start":{"line":9,"column":8},"end":{"line":12,"column":15}},"2":{"start":{"line":20,"column":15},"end":{"line":39,"column":2}}},"fnMap":{"0":{"name":"LeaderboardList","decl":{"start":{"line":5,"column":9},"end":{"line":5,"column":24}},"loc":{"start":{"line":5,"column":32},"end":{"line":16,"column":1}},"line":5},"1":{"name":"(anonymous_1)","decl":{"start":{"line":8,"column":23},"end":{"line":8,"column":24}},"loc":{"start":{"line":9,"column":8},"end":{"line":12,"column":15}},"line":9}},"branchMap":{},"s":{"0":5,"1":0,"2":3},"f":{"0":5,"1":0},"b":{},"_coverageSchema":"1a1c01bbd47fc00a2c39e90264f33305004495a9","hash":"1ec6c8e6c94445533884987d342060414d18bc26"}
,"/Users/andrean.buhchev/Documents/ReactNative/2048GameByAndyBuhchev/components/Login/LoginButtons.js": {"path":"/Users/andrean.buhchev/Documents/ReactNative/2048GameByAndyBuhchev/components/Login/LoginButtons.js","statementMap":{"0":{"start":{"line":7,"column":2},"end":{"line":29,"column":4}},"1":{"start":{"line":34,"column":15},"end":{"line":45,"column":2}}},"fnMap":{"0":{"name":"LoginButtons","decl":{"start":{"line":6,"column":9},"end":{"line":6,"column":21}},"loc":{"start":{"line":6,"column":29},"end":{"line":30,"column":1}},"line":6}},"branchMap":{},"s":{"0":8,"1":3},"f":{"0":8},"b":{},"_coverageSchema":"1a1c01bbd47fc00a2c39e90264f33305004495a9","hash":"84c452b0da7f4af26a7af59fa0a6f92502362d16"}
,"/Users/andrean.buhchev/Documents/ReactNative/2048GameByAndyBuhchev/components/Login/LoginForm.js": {"path":"/Users/andrean.buhchev/Documents/ReactNative/2048GameByAndyBuhchev/components/Login/LoginForm.js","statementMap":{"0":{"start":{"line":5,"column":2},"end":{"line":18,"column":4}}},"fnMap":{"0":{"name":"LoginForm","decl":{"start":{"line":4,"column":9},"end":{"line":4,"column":18}},"loc":{"start":{"line":4,"column":26},"end":{"line":19,"column":1}},"line":4}},"branchMap":{},"s":{"0":8},"f":{"0":8},"b":{},"_coverageSchema":"1a1c01bbd47fc00a2c39e90264f33305004495a9","hash":"9efcca31a9125c952f1dac62bc557784458aa193"}
,"/Users/andrean.buhchev/Documents/ReactNative/2048GameByAndyBuhchev/components/SignUp/SignUpForm.js": {"path":"/Users/andrean.buhchev/Documents/ReactNative/2048GameByAndyBuhchev/components/SignUp/SignUpForm.js","statementMap":{"0":{"start":{"line":6,"column":2},"end":{"line":27,"column":4}},"1":{"start":{"line":32,"column":15},"end":{"line":41,"column":2}}},"fnMap":{"0":{"name":"SignUpForm","decl":{"start":{"line":5,"column":9},"end":{"line":5,"column":19}},"loc":{"start":{"line":5,"column":27},"end":{"line":28,"column":1}},"line":5}},"branchMap":{},"s":{"0":7,"1":3},"f":{"0":7},"b":{},"_coverageSchema":"1a1c01bbd47fc00a2c39e90264f33305004495a9","hash":"a4f9a4990e64784a9b270dff40ee242fb3f23324"}
,"/Users/andrean.buhchev/Documents/ReactNative/2048GameByAndyBuhchev/constants/Colors.js": {"path":"/Users/andrean.buhchev/Documents/ReactNative/2048GameByAndyBuhchev/constants/Colors.js","statementMap":{"0":{"start":{"line":1,"column":22},"end":{"line":20,"column":1}}},"fnMap":{},"branchMap":{},"s":{"0":3},"f":{},"b":{},"_coverageSchema":"1a1c01bbd47fc00a2c39e90264f33305004495a9","hash":"a15a3b7cd06ea308ec258278ec2993a1f7a0744b"}
,"/Users/andrean.buhchev/Documents/ReactNative/2048GameByAndyBuhchev/constants/Fonts.js": {"path":"/Users/andrean.buhchev/Documents/ReactNative/2048GameByAndyBuhchev/constants/Fonts.js","statementMap":{"0":{"start":{"line":1,"column":21},"end":{"line":6,"column":1}}},"fnMap":{},"branchMap":{},"s":{"0":3},"f":{},"b":{},"_coverageSchema":"1a1c01bbd47fc00a2c39e90264f33305004495a9","hash":"65ed168f1ac6ffc27cec1ab59fb963f41d4fd7ca"}
,"/Users/andrean.buhchev/Documents/ReactNative/2048GameByAndyBuhchev/screens/LeaderboardScreen.js": {"path":"/Users/andrean.buhchev/Documents/ReactNative/2048GameByAndyBuhchev/screens/LeaderboardScreen.js","statementMap":{"0":{"start":{"line":13,"column":32},"end":{"line":13,"column":47}},"1":{"start":{"line":14,"column":28},"end":{"line":14,"column":40}},"2":{"start":{"line":15,"column":21},"end":{"line":15,"column":36}},"3":{"start":{"line":17,"column":16},"end":{"line":19,"column":3}},"4":{"start":{"line":18,"column":4},"end":{"line":18,"column":37}},"5":{"start":{"line":21,"column":21},"end":{"line":39,"column":3}},"6":{"start":{"line":22,"column":4},"end":{"line":22,"column":21}},"7":{"start":{"line":23,"column":15},"end":{"line":23,"column":17}},"8":{"start":{"line":24,"column":18},"end":{"line":24,"column":20}},"9":{"start":{"line":25,"column":4},"end":{"line":35,"column":5}},"10":{"start":{"line":26,"column":6},"end":{"line":26,"column":45}},"11":{"start":{"line":27,"column":6},"end":{"line":31,"column":9}},"12":{"start":{"line":28,"column":20},"end":{"line":28,"column":49}},"13":{"start":{"line":29,"column":27},"end":{"line":29,"column":42}},"14":{"start":{"line":30,"column":8},"end":{"line":30,"column":33}},"15":{"start":{"line":32,"column":6},"end":{"line":32,"column":29}},"16":{"start":{"line":34,"column":6},"end":{"line":34,"column":70}},"17":{"start":{"line":36,"column":16},"end":{"line":36,"column":47}},"18":{"start":{"line":37,"column":4},"end":{"line":37,"column":21}},"19":{"start":{"line":38,"column":4},"end":{"line":38,"column":22}},"20":{"start":{"line":41,"column":2},"end":{"line":43,"column":4}},"21":{"start":{"line":42,"column":4},"end":{"line":42,"column":58}},"22":{"start":{"line":45,"column":2},"end":{"line":65,"column":3}},"23":{"start":{"line":46,"column":4},"end":{"line":50,"column":6}},"24":{"start":{"line":52,"column":4},"end":{"line":64,"column":6}},"25":{"start":{"line":70,"column":15},"end":{"line":107,"column":2}}},"fnMap":{"0":{"name":"LeaderboardScreen","decl":{"start":{"line":12,"column":9},"end":{"line":12,"column":26}},"loc":{"start":{"line":12,"column":29},"end":{"line":66,"column":1}},"line":12},"1":{"name":"(anonymous_1)","decl":{"start":{"line":17,"column":16},"end":{"line":17,"column":17}},"loc":{"start":{"line":17,"column":22},"end":{"line":19,"column":3}},"line":17},"2":{"name":"(anonymous_2)","decl":{"start":{"line":21,"column":21},"end":{"line":21,"column":22}},"loc":{"start":{"line":21,"column":33},"end":{"line":39,"column":3}},"line":21},"3":{"name":"(anonymous_3)","decl":{"start":{"line":27,"column":19},"end":{"line":27,"column":20}},"loc":{"start":{"line":27,"column":32},"end":{"line":31,"column":7}},"line":27},"4":{"name":"(anonymous_4)","decl":{"start":{"line":41,"column":13},"end":{"line":41,"column":14}},"loc":{"start":{"line":42,"column":4},"end":{"line":42,"column":58}},"line":42}},"branchMap":{"0":{"loc":{"start":{"line":42,"column":4},"end":{"line":42,"column":58}},"type":"cond-expr","locations":[{"start":{"line":42,"column":26},"end":{"line":42,"column":27}},{"start":{"line":42,"column":30},"end":{"line":42,"column":58}}],"line":42},"1":{"loc":{"start":{"line":42,"column":30},"end":{"line":42,"column":58}},"type":"cond-expr","locations":[{"start":{"line":42,"column":52},"end":{"line":42,"column":54}},{"start":{"line":42,"column":57},"end":{"line":42,"column":58}}],"line":42},"2":{"loc":{"start":{"line":45,"column":2},"end":{"line":65,"column":3}},"type":"if","locations":[{"start":{"line":45,"column":2},"end":{"line":65,"column":3}},{"start":{"line":51,"column":9},"end":{"line":65,"column":3}}],"line":45}},"s":{"0":8,"1":7,"2":7,"3":7,"4":1,"5":7,"6":1,"7":1,"8":1,"9":1,"10":1,"11":1,"12":0,"13":0,"14":0,"15":1,"16":0,"17":1,"18":1,"19":1,"20":7,"21":0,"22":7,"23":2,"24":5,"25":3},"f":{"0":8,"1":1,"2":1,"3":0,"4":0},"b":{"0":[0,0],"1":[0,0],"2":[2,5]},"_coverageSchema":"1a1c01bbd47fc00a2c39e90264f33305004495a9","hash":"8956c3992b7217e0c9104407f894bf67f7193b63"}
,"/Users/andrean.buhchev/Documents/ReactNative/2048GameByAndyBuhchev/screens/LoginScreen.js": {"path":"/Users/andrean.buhchev/Documents/ReactNative/2048GameByAndyBuhchev/screens/LoginScreen.js","statementMap":{"0":{"start":{"line":14,"column":34},"end":{"line":14,"column":46}},"1":{"start":{"line":15,"column":34},"end":{"line":15,"column":46}},"2":{"start":{"line":16,"column":21},"end":{"line":16,"column":36}},"3":{"start":{"line":18,"column":16},"end":{"line":27,"column":3}},"4":{"start":{"line":19,"column":19},"end":{"line":19,"column":72}},"5":{"start":{"line":20,"column":4},"end":{"line":26,"column":5}},"6":{"start":{"line":21,"column":6},"end":{"line":25,"column":9}},"7":{"start":{"line":29,"column":17},"end":{"line":31,"column":3}},"8":{"start":{"line":30,"column":4},"end":{"line":30,"column":38}},"9":{"start":{"line":33,"column":22},"end":{"line":35,"column":3}},"10":{"start":{"line":34,"column":4},"end":{"line":34,"column":43}},"11":{"start":{"line":37,"column":31},"end":{"line":39,"column":3}},"12":{"start":{"line":38,"column":4},"end":{"line":38,"column":29}},"13":{"start":{"line":41,"column":31},"end":{"line":43,"column":3}},"14":{"start":{"line":42,"column":4},"end":{"line":42,"column":29}},"15":{"start":{"line":45,"column":2},"end":{"line":55,"column":4}},"16":{"start":{"line":60,"column":15},"end":{"line":84,"column":2}}},"fnMap":{"0":{"name":"LoginScreen","decl":{"start":{"line":13,"column":9},"end":{"line":13,"column":20}},"loc":{"start":{"line":13,"column":23},"end":{"line":56,"column":1}},"line":13},"1":{"name":"(anonymous_1)","decl":{"start":{"line":18,"column":16},"end":{"line":18,"column":17}},"loc":{"start":{"line":18,"column":28},"end":{"line":27,"column":3}},"line":18},"2":{"name":"(anonymous_2)","decl":{"start":{"line":29,"column":17},"end":{"line":29,"column":18}},"loc":{"start":{"line":29,"column":23},"end":{"line":31,"column":3}},"line":29},"3":{"name":"(anonymous_3)","decl":{"start":{"line":33,"column":22},"end":{"line":33,"column":23}},"loc":{"start":{"line":33,"column":28},"end":{"line":35,"column":3}},"line":33},"4":{"name":"(anonymous_4)","decl":{"start":{"line":37,"column":31},"end":{"line":37,"column":32}},"loc":{"start":{"line":37,"column":48},"end":{"line":39,"column":3}},"line":37},"5":{"name":"(anonymous_5)","decl":{"start":{"line":41,"column":31},"end":{"line":41,"column":32}},"loc":{"start":{"line":41,"column":48},"end":{"line":43,"column":3}},"line":41}},"branchMap":{"0":{"loc":{"start":{"line":20,"column":4},"end":{"line":26,"column":5}},"type":"if","locations":[{"start":{"line":20,"column":4},"end":{"line":26,"column":5}},{"start":{},"end":{}}],"line":20}},"s":{"0":8,"1":8,"2":8,"3":8,"4":1,"5":1,"6":0,"7":8,"8":1,"9":8,"10":1,"11":8,"12":1,"13":8,"14":1,"15":8,"16":3},"f":{"0":8,"1":1,"2":1,"3":1,"4":1,"5":1},"b":{"0":[0,1]},"_coverageSchema":"1a1c01bbd47fc00a2c39e90264f33305004495a9","hash":"64e1d094e2b34e84cde3d26445df5edcb72d1af5"}
,"/Users/andrean.buhchev/Documents/ReactNative/2048GameByAndyBuhchev/screens/SignUpScreen.js": {"path":"/Users/andrean.buhchev/Documents/ReactNative/2048GameByAndyBuhchev/screens/SignUpScreen.js","statementMap":{"0":{"start":{"line":13,"column":34},"end":{"line":13,"column":46}},"1":{"start":{"line":14,"column":34},"end":{"line":14,"column":46}},"2":{"start":{"line":15,"column":48},"end":{"line":15,"column":60}},"3":{"start":{"line":17,"column":21},"end":{"line":17,"column":36}},"4":{"start":{"line":19,"column":19},"end":{"line":28,"column":3}},"5":{"start":{"line":20,"column":20},"end":{"line":20,"column":79}},"6":{"start":{"line":21,"column":4},"end":{"line":27,"column":5}},"7":{"start":{"line":22,"column":27},"end":{"line":22,"column":65}},"8":{"start":{"line":23,"column":6},"end":{"line":23,"column":32}},"9":{"start":{"line":24,"column":6},"end":{"line":26,"column":20}},"10":{"start":{"line":25,"column":8},"end":{"line":25,"column":41}},"11":{"start":{"line":26,"column":13},"end":{"line":26,"column":20}},"12":{"start":{"line":30,"column":31},"end":{"line":32,"column":3}},"13":{"start":{"line":31,"column":4},"end":{"line":31,"column":29}},"14":{"start":{"line":34,"column":31},"end":{"line":36,"column":3}},"15":{"start":{"line":35,"column":4},"end":{"line":35,"column":29}},"16":{"start":{"line":38,"column":38},"end":{"line":40,"column":3}},"17":{"start":{"line":39,"column":4},"end":{"line":39,"column":36}},"18":{"start":{"line":42,"column":2},"end":{"line":57,"column":4}},"19":{"start":{"line":62,"column":15},"end":{"line":94,"column":2}}},"fnMap":{"0":{"name":"SignUpScreen","decl":{"start":{"line":12,"column":9},"end":{"line":12,"column":21}},"loc":{"start":{"line":12,"column":24},"end":{"line":58,"column":1}},"line":12},"1":{"name":"(anonymous_1)","decl":{"start":{"line":19,"column":19},"end":{"line":19,"column":20}},"loc":{"start":{"line":19,"column":31},"end":{"line":28,"column":3}},"line":19},"2":{"name":"(anonymous_2)","decl":{"start":{"line":30,"column":31},"end":{"line":30,"column":32}},"loc":{"start":{"line":30,"column":48},"end":{"line":32,"column":3}},"line":30},"3":{"name":"(anonymous_3)","decl":{"start":{"line":34,"column":31},"end":{"line":34,"column":32}},"loc":{"start":{"line":34,"column":48},"end":{"line":36,"column":3}},"line":34},"4":{"name":"(anonymous_4)","decl":{"start":{"line":38,"column":38},"end":{"line":38,"column":39}},"loc":{"start":{"line":38,"column":55},"end":{"line":40,"column":3}},"line":38}},"branchMap":{"0":{"loc":{"start":{"line":21,"column":4},"end":{"line":27,"column":5}},"type":"if","locations":[{"start":{"line":21,"column":4},"end":{"line":27,"column":5}},{"start":{},"end":{}}],"line":21},"1":{"loc":{"start":{"line":24,"column":6},"end":{"line":26,"column":20}},"type":"if","locations":[{"start":{"line":24,"column":6},"end":{"line":26,"column":20}},{"start":{"line":26,"column":13},"end":{"line":26,"column":20}}],"line":24}},"s":{"0":7,"1":7,"2":7,"3":7,"4":7,"5":1,"6":1,"7":0,"8":0,"9":0,"10":0,"11":0,"12":7,"13":1,"14":7,"15":1,"16":7,"17":1,"18":7,"19":3},"f":{"0":7,"1":1,"2":1,"3":1,"4":1},"b":{"0":[0,1],"1":[0,0]},"_coverageSchema":"1a1c01bbd47fc00a2c39e90264f33305004495a9","hash":"96db12b19fe8aae8e767348501a97291d6fe8408"}
,"/Users/andrean.buhchev/Documents/ReactNative/2048GameByAndyBuhchev/services/bestScoreChecker.js": {"path":"/Users/andrean.buhchev/Documents/ReactNative/2048GameByAndyBuhchev/services/bestScoreChecker.js","statementMap":{"0":{"start":{"line":2,"column":2},"end":{"line":6,"column":3}},"1":{"start":{"line":3,"column":4},"end":{"line":3,"column":16}},"2":{"start":{"line":5,"column":4},"end":{"line":5,"column":17}}},"fnMap":{"0":{"name":"bestScoreChecker","decl":{"start":{"line":1,"column":16},"end":{"line":1,"column":32}},"loc":{"start":{"line":1,"column":51},"end":{"line":7,"column":1}},"line":1}},"branchMap":{"0":{"loc":{"start":{"line":2,"column":2},"end":{"line":6,"column":3}},"type":"if","locations":[{"start":{"line":2,"column":2},"end":{"line":6,"column":3}},{"start":{"line":4,"column":9},"end":{"line":6,"column":3}}],"line":2}},"s":{"0":2,"1":1,"2":1},"f":{"0":2},"b":{"0":[1,1]},"_coverageSchema":"1a1c01bbd47fc00a2c39e90264f33305004495a9","hash":"8a1c9c4fede3bf375a7c206fc25b164d4f2e3233"}
,"/Users/andrean.buhchev/Documents/ReactNative/2048GameByAndyBuhchev/services/checkGameOver.js": {"path":"/Users/andrean.buhchev/Documents/ReactNative/2048GameByAndyBuhchev/services/checkGameOver.js","statementMap":{"0":{"start":{"line":2,"column":2},"end":{"line":28,"column":3}},"1":{"start":{"line":2,"column":17},"end":{"line":2,"column":18}},"2":{"start":{"line":3,"column":4},"end":{"line":27,"column":5}},"3":{"start":{"line":3,"column":19},"end":{"line":3,"column":20}},"4":{"start":{"line":4,"column":6},"end":{"line":26,"column":7}},"5":{"start":{"line":5,"column":8},"end":{"line":5,"column":15}},"6":{"start":{"line":6,"column":13},"end":{"line":26,"column":7}},"7":{"start":{"line":10,"column":8},"end":{"line":10,"column":15}},"8":{"start":{"line":11,"column":13},"end":{"line":26,"column":7}},"9":{"start":{"line":15,"column":8},"end":{"line":15,"column":15}},"10":{"start":{"line":16,"column":13},"end":{"line":26,"column":7}},"11":{"start":{"line":20,"column":8},"end":{"line":20,"column":15}},"12":{"start":{"line":21,"column":13},"end":{"line":26,"column":7}},"13":{"start":{"line":25,"column":8},"end":{"line":25,"column":15}},"14":{"start":{"line":29,"column":2},"end":{"line":29,"column":14}}},"fnMap":{"0":{"name":"checkGameOver","decl":{"start":{"line":1,"column":16},"end":{"line":1,"column":29}},"loc":{"start":{"line":1,"column":42},"end":{"line":30,"column":1}},"line":1}},"branchMap":{"0":{"loc":{"start":{"line":4,"column":6},"end":{"line":26,"column":7}},"type":"if","locations":[{"start":{"line":4,"column":6},"end":{"line":26,"column":7}},{"start":{"line":6,"column":13},"end":{"line":26,"column":7}}],"line":4},"1":{"loc":{"start":{"line":6,"column":13},"end":{"line":26,"column":7}},"type":"if","locations":[{"start":{"line":6,"column":13},"end":{"line":26,"column":7}},{"start":{"line":11,"column":13},"end":{"line":26,"column":7}}],"line":6},"2":{"loc":{"start":{"line":7,"column":8},"end":{"line":8,"column":57}},"type":"binary-expr","locations":[{"start":{"line":7,"column":8},"end":{"line":7,"column":17}},{"start":{"line":8,"column":8},"end":{"line":8,"column":57}}],"line":7},"3":{"loc":{"start":{"line":11,"column":13},"end":{"line":26,"column":7}},"type":"if","locations":[{"start":{"line":11,"column":13},"end":{"line":26,"column":7}},{"start":{"line":16,"column":13},"end":{"line":26,"column":7}}],"line":11},"4":{"loc":{"start":{"line":12,"column":8},"end":{"line":13,"column":57}},"type":"binary-expr","locations":[{"start":{"line":12,"column":8},"end":{"line":12,"column":17}},{"start":{"line":13,"column":8},"end":{"line":13,"column":57}}],"line":12},"5":{"loc":{"start":{"line":16,"column":13},"end":{"line":26,"column":7}},"type":"if","locations":[{"start":{"line":16,"column":13},"end":{"line":26,"column":7}},{"start":{"line":21,"column":13},"end":{"line":26,"column":7}}],"line":16},"6":{"loc":{"start":{"line":17,"column":8},"end":{"line":18,"column":57}},"type":"binary-expr","locations":[{"start":{"line":17,"column":8},"end":{"line":17,"column":17}},{"start":{"line":18,"column":8},"end":{"line":18,"column":57}}],"line":17},"7":{"loc":{"start":{"line":21,"column":13},"end":{"line":26,"column":7}},"type":"if","locations":[{"start":{"line":21,"column":13},"end":{"line":26,"column":7}},{"start":{},"end":{}}],"line":21},"8":{"loc":{"start":{"line":22,"column":8},"end":{"line":23,"column":57}},"type":"binary-expr","locations":[{"start":{"line":22,"column":8},"end":{"line":22,"column":17}},{"start":{"line":23,"column":8},"end":{"line":23,"column":57}}],"line":22}},"s":{"0":2,"1":2,"2":5,"3":5,"4":18,"5":1,"6":17,"7":0,"8":17,"9":0,"10":17,"11":0,"12":17,"13":0,"14":1},"f":{"0":2},"b":{"0":[1,17],"1":[0,17],"2":[17,12],"3":[0,17],"4":[17,13],"5":[0,17],"6":[17,12],"7":[0,17],"8":[17,13]},"_coverageSchema":"1a1c01bbd47fc00a2c39e90264f33305004495a9","hash":"11fef8780139e0565e846e8093431657ad414c3d"}
,"/Users/andrean.buhchev/Documents/ReactNative/2048GameByAndyBuhchev/services/showRandom.js": {"path":"/Users/andrean.buhchev/Documents/ReactNative/2048GameByAndyBuhchev/services/showRandom.js","statementMap":{"0":{"start":{"line":2,"column":12},"end":{"line":2,"column":13}},"1":{"start":{"line":3,"column":12},"end":{"line":3,"column":13}},"2":{"start":{"line":5,"column":2},"end":{"line":8,"column":39}},"3":{"start":{"line":6,"column":4},"end":{"line":6,"column":40}},"4":{"start":{"line":7,"column":4},"end":{"line":7,"column":40}},"5":{"start":{"line":10,"column":18},"end":{"line":10,"column":45}},"6":{"start":{"line":11,"column":4},"end":{"line":11,"column":33}},"7":{"start":{"line":12,"column":4},"end":{"line":12,"column":29}}},"fnMap":{"0":{"name":"showRandom","decl":{"start":{"line":1,"column":16},"end":{"line":1,"column":26}},"loc":{"start":{"line":1,"column":39},"end":{"line":14,"column":1}},"line":1}},"branchMap":{"0":{"loc":{"start":{"line":10,"column":18},"end":{"line":10,"column":45}},"type":"cond-expr","locations":[{"start":{"line":10,"column":40},"end":{"line":10,"column":41}},{"start":{"line":10,"column":44},"end":{"line":10,"column":45}}],"line":10}},"s":{"0":0,"1":0,"2":0,"3":0,"4":0,"5":0,"6":0,"7":0},"f":{"0":0},"b":{"0":[0,0]},"_coverageSchema":"1a1c01bbd47fc00a2c39e90264f33305004495a9","hash":"195bf64d164c99d405ed4980be97f7ed18f99685"}
,"/Users/andrean.buhchev/Documents/ReactNative/2048GameByAndyBuhchev/services/userService.js": {"path":"/Users/andrean.buhchev/Documents/ReactNative/2048GameByAndyBuhchev/services/userService.js","statementMap":{"0":{"start":{"line":5,"column":2},"end":{"line":15,"column":3}},"1":{"start":{"line":6,"column":17},"end":{"line":6,"column":53}},"2":{"start":{"line":7,"column":4},"end":{"line":12,"column":5}},"3":{"start":{"line":8,"column":22},"end":{"line":8,"column":44}},"4":{"start":{"line":9,"column":6},"end":{"line":9,"column":21}},"5":{"start":{"line":11,"column":6},"end":{"line":11,"column":18}},"6":{"start":{"line":14,"column":4},"end":{"line":14,"column":50}},"7":{"start":{"line":19,"column":16},"end":{"line":19,"column":21}},"8":{"start":{"line":20,"column":14},"end":{"line":20,"column":15}},"9":{"start":{"line":22,"column":15},"end":{"line":22,"column":38}},"10":{"start":{"line":23,"column":2},"end":{"line":32,"column":3}},"11":{"start":{"line":24,"column":4},"end":{"line":29,"column":5}},"12":{"start":{"line":25,"column":6},"end":{"line":25,"column":21}},"13":{"start":{"line":26,"column":6},"end":{"line":26,"column":25}},"14":{"start":{"line":28,"column":6},"end":{"line":28,"column":38}},"15":{"start":{"line":31,"column":4},"end":{"line":31,"column":36}},"16":{"start":{"line":33,"column":2},"end":{"line":33,"column":26}},"17":{"start":{"line":37,"column":2},"end":{"line":51,"column":3}},"18":{"start":{"line":38,"column":4},"end":{"line":38,"column":26}},"19":{"start":{"line":39,"column":4},"end":{"line":46,"column":6}},"20":{"start":{"line":47,"column":19},"end":{"line":47,"column":55}},"21":{"start":{"line":48,"column":4},"end":{"line":48,"column":24}},"22":{"start":{"line":50,"column":4},"end":{"line":50,"column":71}},"23":{"start":{"line":55,"column":26},"end":{"line":55,"column":71}},"24":{"start":{"line":56,"column":26},"end":{"line":56,"column":78}},"25":{"start":{"line":58,"column":2},"end":{"line":63,"column":3}},"26":{"start":{"line":59,"column":4},"end":{"line":61,"column":6}},"27":{"start":{"line":62,"column":4},"end":{"line":62,"column":17}},"28":{"start":{"line":64,"column":2},"end":{"line":69,"column":3}},"29":{"start":{"line":65,"column":4},"end":{"line":67,"column":6}},"30":{"start":{"line":68,"column":4},"end":{"line":68,"column":17}},"31":{"start":{"line":70,"column":2},"end":{"line":70,"column":14}},"32":{"start":{"line":74,"column":2},"end":{"line":92,"column":3}},"33":{"start":{"line":75,"column":17},"end":{"line":75,"column":53}},"34":{"start":{"line":76,"column":4},"end":{"line":89,"column":5}},"35":{"start":{"line":77,"column":6},"end":{"line":84,"column":8}},"36":{"start":{"line":85,"column":6},"end":{"line":85,"column":18}},"37":{"start":{"line":87,"column":6},"end":{"line":87,"column":38}},"38":{"start":{"line":88,"column":6},"end":{"line":88,"column":19}},"39":{"start":{"line":91,"column":4},"end":{"line":91,"column":50}}},"fnMap":{"0":{"name":"getUser","decl":{"start":{"line":4,"column":22},"end":{"line":4,"column":29}},"loc":{"start":{"line":4,"column":40},"end":{"line":16,"column":1}},"line":4},"1":{"name":"getLoginIsValidAnduserScore","decl":{"start":{"line":18,"column":22},"end":{"line":18,"column":49}},"loc":{"start":{"line":18,"column":70},"end":{"line":34,"column":1}},"line":18},"2":{"name":"setScoreForUser","decl":{"start":{"line":36,"column":22},"end":{"line":36,"column":37}},"loc":{"start":{"line":36,"column":65},"end":{"line":52,"column":1}},"line":36},"3":{"name":"validSignUpCredentials","decl":{"start":{"line":54,"column":16},"end":{"line":54,"column":38}},"loc":{"start":{"line":54,"column":76},"end":{"line":71,"column":1}},"line":54},"4":{"name":"registerUser","decl":{"start":{"line":73,"column":22},"end":{"line":73,"column":34}},"loc":{"start":{"line":73,"column":55},"end":{"line":93,"column":1}},"line":73}},"branchMap":{"0":{"loc":{"start":{"line":7,"column":4},"end":{"line":12,"column":5}},"type":"if","locations":[{"start":{"line":7,"column":4},"end":{"line":12,"column":5}},{"start":{"line":10,"column":11},"end":{"line":12,"column":5}}],"line":7},"1":{"loc":{"start":{"line":23,"column":2},"end":{"line":32,"column":3}},"type":"if","locations":[{"start":{"line":23,"column":2},"end":{"line":32,"column":3}},{"start":{"line":30,"column":9},"end":{"line":32,"column":3}}],"line":23},"2":{"loc":{"start":{"line":24,"column":4},"end":{"line":29,"column":5}},"type":"if","locations":[{"start":{"line":24,"column":4},"end":{"line":29,"column":5}},{"start":{"line":27,"column":11},"end":{"line":29,"column":5}}],"line":24},"3":{"loc":{"start":{"line":55,"column":26},"end":{"line":55,"column":71}},"type":"binary-expr","locations":[{"start":{"line":55,"column":26},"end":{"line":55,"column":46}},{"start":{"line":55,"column":50},"end":{"line":55,"column":71}}],"line":55},"4":{"loc":{"start":{"line":56,"column":26},"end":{"line":56,"column":78}},"type":"binary-expr","locations":[{"start":{"line":56,"column":26},"end":{"line":56,"column":46}},{"start":{"line":56,"column":50},"end":{"line":56,"column":78}}],"line":56},"5":{"loc":{"start":{"line":58,"column":2},"end":{"line":63,"column":3}},"type":"if","locations":[{"start":{"line":58,"column":2},"end":{"line":63,"column":3}},{"start":{},"end":{}}],"line":58},"6":{"loc":{"start":{"line":64,"column":2},"end":{"line":69,"column":3}},"type":"if","locations":[{"start":{"line":64,"column":2},"end":{"line":69,"column":3}},{"start":{},"end":{}}],"line":64},"7":{"loc":{"start":{"line":76,"column":4},"end":{"line":89,"column":5}},"type":"if","locations":[{"start":{"line":76,"column":4},"end":{"line":89,"column":5}},{"start":{"line":86,"column":11},"end":{"line":89,"column":5}}],"line":76}},"s":{"0":1,"1":1,"2":1,"3":0,"4":0,"5":1,"6":0,"7":1,"8":1,"9":1,"10":1,"11":0,"12":0,"13":0,"14":0,"15":1,"16":1,"17":0,"18":0,"19":0,"20":0,"21":0,"22":0,"23":1,"24":1,"25":1,"26":1,"27":1,"28":0,"29":0,"30":0,"31":0,"32":0,"33":0,"34":0,"35":0,"36":0,"37":0,"38":0,"39":0},"f":{"0":1,"1":1,"2":0,"3":1,"4":0},"b":{"0":[0,1],"1":[0,1],"2":[0,0],"3":[1,0],"4":[1,0],"5":[1,0],"6":[0,0],"7":[0,0]},"_coverageSchema":"1a1c01bbd47fc00a2c39e90264f33305004495a9","hash":"807f90928af7d86d138d80d147cbec7211a2cecc"}
,"/Users/andrean.buhchev/Documents/ReactNative/2048GameByAndyBuhchev/services/movements/downMovement.js": {"path":"/Users/andrean.buhchev/Documents/ReactNative/2048GameByAndyBuhchev/services/movements/downMovement.js","statementMap":{"0":{"start":{"line":4,"column":19},"end":{"line":9,"column":3}},"1":{"start":{"line":10,"column":18},"end":{"line":10,"column":23}},"2":{"start":{"line":11,"column":12},"end":{"line":11,"column":17}},"3":{"start":{"line":12,"column":17},"end":{"line":12,"column":22}},"4":{"start":{"line":13,"column":14},"end":{"line":18,"column":3}},"5":{"start":{"line":19,"column":17},"end":{"line":24,"column":3}},"6":{"start":{"line":25,"column":14},"end":{"line":30,"column":3}},"7":{"start":{"line":32,"column":2},"end":{"line":74,"column":3}},"8":{"start":{"line":32,"column":15},"end":{"line":32,"column":16}},"9":{"start":{"line":33,"column":24},"end":{"line":33,"column":36}},"10":{"start":{"line":34,"column":14},"end":{"line":34,"column":15}},"11":{"start":{"line":35,"column":21},"end":{"line":35,"column":22}},"12":{"start":{"line":37,"column":4},"end":{"line":73,"column":5}},"13":{"start":{"line":37,"column":17},"end":{"line":37,"column":18}},"14":{"start":{"line":38,"column":16},"end":{"line":38,"column":17}},"15":{"start":{"line":39,"column":6},"end":{"line":39,"column":43}},"16":{"start":{"line":39,"column":34},"end":{"line":39,"column":43}},"17":{"start":{"line":40,"column":6},"end":{"line":71,"column":7}},"18":{"start":{"line":40,"column":19},"end":{"line":40,"column":20}},"19":{"start":{"line":41,"column":8},"end":{"line":70,"column":9}},"20":{"start":{"line":42,"column":10},"end":{"line":42,"column":50}},"21":{"start":{"line":43,"column":10},"end":{"line":43,"column":31}},"22":{"start":{"line":44,"column":10},"end":{"line":44,"column":27}},"23":{"start":{"line":45,"column":10},"end":{"line":45,"column":23}},"24":{"start":{"line":46,"column":15},"end":{"line":70,"column":9}},"25":{"start":{"line":50,"column":10},"end":{"line":50,"column":69}},"26":{"start":{"line":52,"column":10},"end":{"line":52,"column":31}},"27":{"start":{"line":53,"column":10},"end":{"line":53,"column":35}},"28":{"start":{"line":55,"column":10},"end":{"line":55,"column":50}},"29":{"start":{"line":56,"column":10},"end":{"line":56,"column":23}},"30":{"start":{"line":57,"column":26},"end":{"line":57,"column":27}},"31":{"start":{"line":58,"column":10},"end":{"line":62,"column":11}},"32":{"start":{"line":59,"column":12},"end":{"line":59,"column":26}},"33":{"start":{"line":61,"column":12},"end":{"line":61,"column":41}},"34":{"start":{"line":63,"column":10},"end":{"line":63,"column":42}},"35":{"start":{"line":65,"column":10},"end":{"line":67,"column":11}},"36":{"start":{"line":66,"column":12},"end":{"line":66,"column":23}},"37":{"start":{"line":68,"column":10},"end":{"line":68,"column":27}},"38":{"start":{"line":69,"column":10},"end":{"line":69,"column":16}},"39":{"start":{"line":72,"column":6},"end":{"line":72,"column":35}},"40":{"start":{"line":75,"column":2},"end":{"line":85,"column":3}},"41":{"start":{"line":75,"column":15},"end":{"line":75,"column":16}},"42":{"start":{"line":76,"column":4},"end":{"line":84,"column":5}},"43":{"start":{"line":76,"column":17},"end":{"line":76,"column":18}},"44":{"start":{"line":77,"column":14},"end":{"line":77,"column":25}},"45":{"start":{"line":78,"column":14},"end":{"line":78,"column":29}},"46":{"start":{"line":79,"column":6},"end":{"line":83,"column":7}},"47":{"start":{"line":80,"column":8},"end":{"line":80,"column":38}},"48":{"start":{"line":81,"column":13},"end":{"line":83,"column":7}},"49":{"start":{"line":82,"column":8},"end":{"line":82,"column":38}},"50":{"start":{"line":86,"column":2},"end":{"line":93,"column":3}},"51":{"start":{"line":87,"column":17},"end":{"line":87,"column":39}},"52":{"start":{"line":88,"column":22},"end":{"line":88,"column":31}},"53":{"start":{"line":89,"column":20},"end":{"line":89,"column":29}},"54":{"start":{"line":90,"column":20},"end":{"line":90,"column":29}},"55":{"start":{"line":91,"column":4},"end":{"line":91,"column":51}},"56":{"start":{"line":92,"column":4},"end":{"line":92,"column":39}},"57":{"start":{"line":95,"column":2},"end":{"line":95,"column":66}}},"fnMap":{"0":{"name":"downMovement","decl":{"start":{"line":3,"column":16},"end":{"line":3,"column":28}},"loc":{"start":{"line":3,"column":44},"end":{"line":96,"column":1}},"line":3}},"branchMap":{"0":{"loc":{"start":{"line":39,"column":6},"end":{"line":39,"column":43}},"type":"if","locations":[{"start":{"line":39,"column":6},"end":{"line":39,"column":43}},{"start":{},"end":{}}],"line":39},"1":{"loc":{"start":{"line":41,"column":8},"end":{"line":70,"column":9}},"type":"if","locations":[{"start":{"line":41,"column":8},"end":{"line":70,"column":9}},{"start":{"line":46,"column":15},"end":{"line":70,"column":9}}],"line":41},"2":{"loc":{"start":{"line":46,"column":15},"end":{"line":70,"column":9}},"type":"if","locations":[{"start":{"line":46,"column":15},"end":{"line":70,"column":9}},{"start":{},"end":{}}],"line":46},"3":{"loc":{"start":{"line":47,"column":10},"end":{"line":48,"column":36}},"type":"binary-expr","locations":[{"start":{"line":47,"column":10},"end":{"line":47,"column":51}},{"start":{"line":48,"column":10},"end":{"line":48,"column":36}}],"line":47},"4":{"loc":{"start":{"line":58,"column":10},"end":{"line":62,"column":11}},"type":"if","locations":[{"start":{"line":58,"column":10},"end":{"line":62,"column":11}},{"start":{"line":60,"column":17},"end":{"line":62,"column":11}}],"line":58},"5":{"loc":{"start":{"line":65,"column":10},"end":{"line":67,"column":11}},"type":"if","locations":[{"start":{"line":65,"column":10},"end":{"line":67,"column":11}},{"start":{},"end":{}}],"line":65},"6":{"loc":{"start":{"line":79,"column":6},"end":{"line":83,"column":7}},"type":"if","locations":[{"start":{"line":79,"column":6},"end":{"line":83,"column":7}},{"start":{"line":81,"column":13},"end":{"line":83,"column":7}}],"line":79},"7":{"loc":{"start":{"line":79,"column":10},"end":{"line":79,"column":28}},"type":"binary-expr","locations":[{"start":{"line":79,"column":10},"end":{"line":79,"column":17}},{"start":{"line":79,"column":21},"end":{"line":79,"column":28}}],"line":79},"8":{"loc":{"start":{"line":81,"column":13},"end":{"line":83,"column":7}},"type":"if","locations":[{"start":{"line":81,"column":13},"end":{"line":83,"column":7}},{"start":{},"end":{}}],"line":81},"9":{"loc":{"start":{"line":86,"column":2},"end":{"line":93,"column":3}},"type":"if","locations":[{"start":{"line":86,"column":2},"end":{"line":93,"column":3}},{"start":{},"end":{}}],"line":86}},"s":{"0":1,"1":1,"2":1,"3":1,"4":1,"5":1,"6":1,"7":1,"8":1,"9":4,"10":4,"11":4,"12":4,"13":4,"14":16,"15":16,"16":13,"17":3,"18":3,"19":0,"20":0,"21":0,"22":0,"23":0,"24":0,"25":0,"26":0,"27":0,"28":0,"29":0,"30":0,"31":0,"32":0,"33":0,"34":0,"35":0,"36":0,"37":0,"38":0,"39":3,"40":1,"41":1,"42":3,"43":3,"44":12,"45":12,"46":12,"47":0,"48":12,"49":0,"50":1,"51":0,"52":0,"53":0,"54":0,"55":0,"56":0,"57":1},"f":{"0":1},"b":{"0":[13,3],"1":[0,0],"2":[0,0],"3":[0,0],"4":[0,0],"5":[0,0],"6":[0,12],"7":[12,0],"8":[0,12],"9":[0,1]},"_coverageSchema":"1a1c01bbd47fc00a2c39e90264f33305004495a9","hash":"d823b2a5e3c78a96601d4da4a584768275d66ca3"}
,"/Users/andrean.buhchev/Documents/ReactNative/2048GameByAndyBuhchev/services/movements/leftMovement.js": {"path":"/Users/andrean.buhchev/Documents/ReactNative/2048GameByAndyBuhchev/services/movements/leftMovement.js","statementMap":{"0":{"start":{"line":4,"column":19},"end":{"line":9,"column":3}},"1":{"start":{"line":10,"column":18},"end":{"line":10,"column":23}},"2":{"start":{"line":11,"column":12},"end":{"line":11,"column":17}},"3":{"start":{"line":12,"column":17},"end":{"line":12,"column":22}},"4":{"start":{"line":13,"column":14},"end":{"line":18,"column":3}},"5":{"start":{"line":19,"column":17},"end":{"line":24,"column":3}},"6":{"start":{"line":25,"column":14},"end":{"line":30,"column":3}},"7":{"start":{"line":32,"column":2},"end":{"line":70,"column":3}},"8":{"start":{"line":32,"column":15},"end":{"line":32,"column":16}},"9":{"start":{"line":33,"column":24},"end":{"line":33,"column":36}},"10":{"start":{"line":34,"column":14},"end":{"line":34,"column":15}},"11":{"start":{"line":35,"column":21},"end":{"line":35,"column":22}},"12":{"start":{"line":36,"column":4},"end":{"line":69,"column":5}},"13":{"start":{"line":36,"column":17},"end":{"line":36,"column":18}},"14":{"start":{"line":37,"column":16},"end":{"line":37,"column":17}},"15":{"start":{"line":38,"column":6},"end":{"line":38,"column":43}},"16":{"start":{"line":38,"column":34},"end":{"line":38,"column":43}},"17":{"start":{"line":39,"column":6},"end":{"line":67,"column":7}},"18":{"start":{"line":39,"column":19},"end":{"line":39,"column":20}},"19":{"start":{"line":40,"column":8},"end":{"line":66,"column":9}},"20":{"start":{"line":41,"column":10},"end":{"line":41,"column":50}},"21":{"start":{"line":42,"column":10},"end":{"line":42,"column":31}},"22":{"start":{"line":43,"column":10},"end":{"line":43,"column":23}},"23":{"start":{"line":44,"column":10},"end":{"line":44,"column":27}},"24":{"start":{"line":45,"column":15},"end":{"line":66,"column":9}},"25":{"start":{"line":49,"column":10},"end":{"line":49,"column":73}},"26":{"start":{"line":50,"column":10},"end":{"line":50,"column":31}},"27":{"start":{"line":51,"column":10},"end":{"line":51,"column":35}},"28":{"start":{"line":52,"column":10},"end":{"line":52,"column":50}},"29":{"start":{"line":53,"column":10},"end":{"line":53,"column":23}},"30":{"start":{"line":54,"column":26},"end":{"line":54,"column":27}},"31":{"start":{"line":55,"column":10},"end":{"line":59,"column":11}},"32":{"start":{"line":56,"column":12},"end":{"line":56,"column":26}},"33":{"start":{"line":58,"column":12},"end":{"line":58,"column":41}},"34":{"start":{"line":60,"column":10},"end":{"line":60,"column":42}},"35":{"start":{"line":61,"column":10},"end":{"line":63,"column":11}},"36":{"start":{"line":62,"column":12},"end":{"line":62,"column":23}},"37":{"start":{"line":64,"column":10},"end":{"line":64,"column":27}},"38":{"start":{"line":65,"column":10},"end":{"line":65,"column":16}},"39":{"start":{"line":68,"column":6},"end":{"line":68,"column":35}},"40":{"start":{"line":71,"column":2},"end":{"line":81,"column":3}},"41":{"start":{"line":71,"column":15},"end":{"line":71,"column":16}},"42":{"start":{"line":72,"column":4},"end":{"line":80,"column":5}},"43":{"start":{"line":72,"column":17},"end":{"line":72,"column":18}},"44":{"start":{"line":73,"column":14},"end":{"line":73,"column":25}},"45":{"start":{"line":74,"column":14},"end":{"line":74,"column":29}},"46":{"start":{"line":75,"column":6},"end":{"line":79,"column":7}},"47":{"start":{"line":76,"column":8},"end":{"line":76,"column":38}},"48":{"start":{"line":77,"column":13},"end":{"line":79,"column":7}},"49":{"start":{"line":78,"column":8},"end":{"line":78,"column":38}},"50":{"start":{"line":82,"column":2},"end":{"line":89,"column":3}},"51":{"start":{"line":83,"column":17},"end":{"line":83,"column":39}},"52":{"start":{"line":84,"column":22},"end":{"line":84,"column":31}},"53":{"start":{"line":85,"column":20},"end":{"line":85,"column":29}},"54":{"start":{"line":86,"column":20},"end":{"line":86,"column":29}},"55":{"start":{"line":87,"column":4},"end":{"line":87,"column":51}},"56":{"start":{"line":88,"column":4},"end":{"line":88,"column":39}},"57":{"start":{"line":91,"column":2},"end":{"line":91,"column":66}}},"fnMap":{"0":{"name":"leftMovement","decl":{"start":{"line":3,"column":16},"end":{"line":3,"column":28}},"loc":{"start":{"line":3,"column":44},"end":{"line":92,"column":1}},"line":3}},"branchMap":{"0":{"loc":{"start":{"line":38,"column":6},"end":{"line":38,"column":43}},"type":"if","locations":[{"start":{"line":38,"column":6},"end":{"line":38,"column":43}},{"start":{},"end":{}}],"line":38},"1":{"loc":{"start":{"line":40,"column":8},"end":{"line":66,"column":9}},"type":"if","locations":[{"start":{"line":40,"column":8},"end":{"line":66,"column":9}},{"start":{"line":45,"column":15},"end":{"line":66,"column":9}}],"line":40},"2":{"loc":{"start":{"line":45,"column":15},"end":{"line":66,"column":9}},"type":"if","locations":[{"start":{"line":45,"column":15},"end":{"line":66,"column":9}},{"start":{},"end":{}}],"line":45},"3":{"loc":{"start":{"line":46,"column":10},"end":{"line":47,"column":36}},"type":"binary-expr","locations":[{"start":{"line":46,"column":10},"end":{"line":46,"column":51}},{"start":{"line":47,"column":10},"end":{"line":47,"column":36}}],"line":46},"4":{"loc":{"start":{"line":55,"column":10},"end":{"line":59,"column":11}},"type":"if","locations":[{"start":{"line":55,"column":10},"end":{"line":59,"column":11}},{"start":{"line":57,"column":17},"end":{"line":59,"column":11}}],"line":55},"5":{"loc":{"start":{"line":61,"column":10},"end":{"line":63,"column":11}},"type":"if","locations":[{"start":{"line":61,"column":10},"end":{"line":63,"column":11}},{"start":{},"end":{}}],"line":61},"6":{"loc":{"start":{"line":75,"column":6},"end":{"line":79,"column":7}},"type":"if","locations":[{"start":{"line":75,"column":6},"end":{"line":79,"column":7}},{"start":{"line":77,"column":13},"end":{"line":79,"column":7}}],"line":75},"7":{"loc":{"start":{"line":75,"column":10},"end":{"line":75,"column":28}},"type":"binary-expr","locations":[{"start":{"line":75,"column":10},"end":{"line":75,"column":17}},{"start":{"line":75,"column":21},"end":{"line":75,"column":28}}],"line":75},"8":{"loc":{"start":{"line":77,"column":13},"end":{"line":79,"column":7}},"type":"if","locations":[{"start":{"line":77,"column":13},"end":{"line":79,"column":7}},{"start":{},"end":{}}],"line":77},"9":{"loc":{"start":{"line":82,"column":2},"end":{"line":89,"column":3}},"type":"if","locations":[{"start":{"line":82,"column":2},"end":{"line":89,"column":3}},{"start":{},"end":{}}],"line":82}},"s":{"0":1,"1":1,"2":1,"3":1,"4":1,"5":1,"6":1,"7":1,"8":1,"9":4,"10":4,"11":4,"12":4,"13":4,"14":12,"15":12,"16":12,"17":0,"18":0,"19":0,"20":0,"21":0,"22":0,"23":0,"24":0,"25":0,"26":0,"27":0,"28":0,"29":0,"30":0,"31":0,"32":0,"33":0,"34":0,"35":0,"36":0,"37":0,"38":0,"39":0,"40":1,"41":1,"42":3,"43":3,"44":12,"45":12,"46":12,"47":0,"48":12,"49":0,"50":1,"51":0,"52":0,"53":0,"54":0,"55":0,"56":0,"57":1},"f":{"0":1},"b":{"0":[12,0],"1":[0,0],"2":[0,0],"3":[0,0],"4":[0,0],"5":[0,0],"6":[0,12],"7":[12,0],"8":[0,12],"9":[0,1]},"_coverageSchema":"1a1c01bbd47fc00a2c39e90264f33305004495a9","hash":"dd37e3938414b09e38b6b567543c878e117a3b56"}
,"/Users/andrean.buhchev/Documents/ReactNative/2048GameByAndyBuhchev/services/movements/rightMovement.js": {"path":"/Users/andrean.buhchev/Documents/ReactNative/2048GameByAndyBuhchev/services/movements/rightMovement.js","statementMap":{"0":{"start":{"line":4,"column":19},"end":{"line":9,"column":3}},"1":{"start":{"line":10,"column":18},"end":{"line":10,"column":23}},"2":{"start":{"line":11,"column":12},"end":{"line":11,"column":17}},"3":{"start":{"line":12,"column":17},"end":{"line":12,"column":22}},"4":{"start":{"line":14,"column":14},"end":{"line":19,"column":3}},"5":{"start":{"line":20,"column":17},"end":{"line":25,"column":3}},"6":{"start":{"line":26,"column":14},"end":{"line":31,"column":3}},"7":{"start":{"line":33,"column":2},"end":{"line":72,"column":3}},"8":{"start":{"line":33,"column":15},"end":{"line":33,"column":16}},"9":{"start":{"line":34,"column":24},"end":{"line":34,"column":36}},"10":{"start":{"line":35,"column":14},"end":{"line":35,"column":15}},"11":{"start":{"line":36,"column":21},"end":{"line":36,"column":22}},"12":{"start":{"line":38,"column":4},"end":{"line":71,"column":5}},"13":{"start":{"line":38,"column":17},"end":{"line":38,"column":18}},"14":{"start":{"line":39,"column":16},"end":{"line":39,"column":17}},"15":{"start":{"line":40,"column":6},"end":{"line":40,"column":43}},"16":{"start":{"line":40,"column":34},"end":{"line":40,"column":43}},"17":{"start":{"line":41,"column":6},"end":{"line":69,"column":7}},"18":{"start":{"line":41,"column":19},"end":{"line":41,"column":20}},"19":{"start":{"line":42,"column":8},"end":{"line":68,"column":9}},"20":{"start":{"line":43,"column":10},"end":{"line":43,"column":50}},"21":{"start":{"line":44,"column":10},"end":{"line":44,"column":31}},"22":{"start":{"line":45,"column":10},"end":{"line":45,"column":27}},"23":{"start":{"line":46,"column":10},"end":{"line":46,"column":23}},"24":{"start":{"line":47,"column":15},"end":{"line":68,"column":9}},"25":{"start":{"line":51,"column":10},"end":{"line":51,"column":73}},"26":{"start":{"line":52,"column":10},"end":{"line":52,"column":31}},"27":{"start":{"line":53,"column":10},"end":{"line":53,"column":35}},"28":{"start":{"line":54,"column":10},"end":{"line":54,"column":50}},"29":{"start":{"line":55,"column":10},"end":{"line":55,"column":23}},"30":{"start":{"line":56,"column":26},"end":{"line":56,"column":27}},"31":{"start":{"line":57,"column":10},"end":{"line":61,"column":11}},"32":{"start":{"line":58,"column":12},"end":{"line":58,"column":26}},"33":{"start":{"line":60,"column":12},"end":{"line":60,"column":41}},"34":{"start":{"line":62,"column":10},"end":{"line":62,"column":42}},"35":{"start":{"line":64,"column":10},"end":{"line":66,"column":11}},"36":{"start":{"line":65,"column":12},"end":{"line":65,"column":23}},"37":{"start":{"line":67,"column":10},"end":{"line":67,"column":16}},"38":{"start":{"line":70,"column":6},"end":{"line":70,"column":35}},"39":{"start":{"line":73,"column":2},"end":{"line":83,"column":3}},"40":{"start":{"line":73,"column":15},"end":{"line":73,"column":16}},"41":{"start":{"line":74,"column":4},"end":{"line":82,"column":5}},"42":{"start":{"line":74,"column":17},"end":{"line":74,"column":18}},"43":{"start":{"line":75,"column":14},"end":{"line":75,"column":25}},"44":{"start":{"line":76,"column":14},"end":{"line":76,"column":29}},"45":{"start":{"line":77,"column":6},"end":{"line":81,"column":7}},"46":{"start":{"line":78,"column":8},"end":{"line":78,"column":38}},"47":{"start":{"line":79,"column":13},"end":{"line":81,"column":7}},"48":{"start":{"line":80,"column":8},"end":{"line":80,"column":38}},"49":{"start":{"line":84,"column":2},"end":{"line":91,"column":3}},"50":{"start":{"line":85,"column":17},"end":{"line":85,"column":39}},"51":{"start":{"line":86,"column":22},"end":{"line":86,"column":31}},"52":{"start":{"line":87,"column":20},"end":{"line":87,"column":29}},"53":{"start":{"line":88,"column":20},"end":{"line":88,"column":29}},"54":{"start":{"line":89,"column":4},"end":{"line":89,"column":51}},"55":{"start":{"line":90,"column":4},"end":{"line":90,"column":39}},"56":{"start":{"line":93,"column":2},"end":{"line":93,"column":66}}},"fnMap":{"0":{"name":"rightMovement","decl":{"start":{"line":3,"column":16},"end":{"line":3,"column":29}},"loc":{"start":{"line":3,"column":45},"end":{"line":94,"column":1}},"line":3}},"branchMap":{"0":{"loc":{"start":{"line":40,"column":6},"end":{"line":40,"column":43}},"type":"if","locations":[{"start":{"line":40,"column":6},"end":{"line":40,"column":43}},{"start":{},"end":{}}],"line":40},"1":{"loc":{"start":{"line":42,"column":8},"end":{"line":68,"column":9}},"type":"if","locations":[{"start":{"line":42,"column":8},"end":{"line":68,"column":9}},{"start":{"line":47,"column":15},"end":{"line":68,"column":9}}],"line":42},"2":{"loc":{"start":{"line":47,"column":15},"end":{"line":68,"column":9}},"type":"if","locations":[{"start":{"line":47,"column":15},"end":{"line":68,"column":9}},{"start":{},"end":{}}],"line":47},"3":{"loc":{"start":{"line":48,"column":10},"end":{"line":49,"column":36}},"type":"binary-expr","locations":[{"start":{"line":48,"column":10},"end":{"line":48,"column":51}},{"start":{"line":49,"column":10},"end":{"line":49,"column":36}}],"line":48},"4":{"loc":{"start":{"line":57,"column":10},"end":{"line":61,"column":11}},"type":"if","locations":[{"start":{"line":57,"column":10},"end":{"line":61,"column":11}},{"start":{"line":59,"column":17},"end":{"line":61,"column":11}}],"line":57},"5":{"loc":{"start":{"line":64,"column":10},"end":{"line":66,"column":11}},"type":"if","locations":[{"start":{"line":64,"column":10},"end":{"line":66,"column":11}},{"start":{},"end":{}}],"line":64},"6":{"loc":{"start":{"line":77,"column":6},"end":{"line":81,"column":7}},"type":"if","locations":[{"start":{"line":77,"column":6},"end":{"line":81,"column":7}},{"start":{"line":79,"column":13},"end":{"line":81,"column":7}}],"line":77},"7":{"loc":{"start":{"line":77,"column":10},"end":{"line":77,"column":28}},"type":"binary-expr","locations":[{"start":{"line":77,"column":10},"end":{"line":77,"column":17}},{"start":{"line":77,"column":21},"end":{"line":77,"column":28}}],"line":77},"8":{"loc":{"start":{"line":79,"column":13},"end":{"line":81,"column":7}},"type":"if","locations":[{"start":{"line":79,"column":13},"end":{"line":81,"column":7}},{"start":{},"end":{}}],"line":79},"9":{"loc":{"start":{"line":84,"column":2},"end":{"line":91,"column":3}},"type":"if","locations":[{"start":{"line":84,"column":2},"end":{"line":91,"column":3}},{"start":{},"end":{}}],"line":84}},"s":{"0":1,"1":1,"2":1,"3":1,"4":1,"5":1,"6":1,"7":1,"8":1,"9":4,"10":4,"11":4,"12":4,"13":4,"14":16,"15":16,"16":14,"17":2,"18":2,"19":2,"20":0,"21":0,"22":0,"23":0,"24":2,"25":0,"26":0,"27":0,"28":0,"29":0,"30":0,"31":0,"32":0,"33":0,"34":0,"35":0,"36":0,"37":0,"38":2,"39":1,"40":1,"41":3,"42":3,"43":12,"44":12,"45":12,"46":0,"47":12,"48":0,"49":1,"50":0,"51":0,"52":0,"53":0,"54":0,"55":0,"56":1},"f":{"0":1},"b":{"0":[14,2],"1":[0,2],"2":[0,2],"3":[2,0],"4":[0,0],"5":[0,0],"6":[0,12],"7":[12,0],"8":[0,12],"9":[0,1]},"_coverageSchema":"1a1c01bbd47fc00a2c39e90264f33305004495a9","hash":"c79765504baacb507a3b88bb820ac74465854930"}
,"/Users/andrean.buhchev/Documents/ReactNative/2048GameByAndyBuhchev/services/movements/upMovement.js": {"path":"/Users/andrean.buhchev/Documents/ReactNative/2048GameByAndyBuhchev/services/movements/upMovement.js","statementMap":{"0":{"start":{"line":4,"column":19},"end":{"line":9,"column":3}},"1":{"start":{"line":10,"column":18},"end":{"line":10,"column":23}},"2":{"start":{"line":11,"column":12},"end":{"line":11,"column":17}},"3":{"start":{"line":12,"column":17},"end":{"line":12,"column":22}},"4":{"start":{"line":14,"column":14},"end":{"line":19,"column":3}},"5":{"start":{"line":20,"column":17},"end":{"line":25,"column":3}},"6":{"start":{"line":26,"column":14},"end":{"line":31,"column":3}},"7":{"start":{"line":33,"column":2},"end":{"line":72,"column":3}},"8":{"start":{"line":33,"column":15},"end":{"line":33,"column":16}},"9":{"start":{"line":34,"column":24},"end":{"line":34,"column":36}},"10":{"start":{"line":35,"column":14},"end":{"line":35,"column":15}},"11":{"start":{"line":36,"column":21},"end":{"line":36,"column":22}},"12":{"start":{"line":37,"column":4},"end":{"line":71,"column":5}},"13":{"start":{"line":37,"column":17},"end":{"line":37,"column":18}},"14":{"start":{"line":38,"column":16},"end":{"line":38,"column":17}},"15":{"start":{"line":39,"column":6},"end":{"line":39,"column":43}},"16":{"start":{"line":39,"column":34},"end":{"line":39,"column":43}},"17":{"start":{"line":40,"column":6},"end":{"line":69,"column":7}},"18":{"start":{"line":40,"column":19},"end":{"line":40,"column":20}},"19":{"start":{"line":41,"column":8},"end":{"line":68,"column":9}},"20":{"start":{"line":42,"column":10},"end":{"line":42,"column":50}},"21":{"start":{"line":43,"column":10},"end":{"line":43,"column":31}},"22":{"start":{"line":44,"column":10},"end":{"line":44,"column":27}},"23":{"start":{"line":45,"column":10},"end":{"line":45,"column":23}},"24":{"start":{"line":46,"column":15},"end":{"line":68,"column":9}},"25":{"start":{"line":50,"column":10},"end":{"line":50,"column":69}},"26":{"start":{"line":51,"column":10},"end":{"line":51,"column":31}},"27":{"start":{"line":52,"column":10},"end":{"line":52,"column":35}},"28":{"start":{"line":53,"column":10},"end":{"line":53,"column":50}},"29":{"start":{"line":54,"column":10},"end":{"line":54,"column":23}},"30":{"start":{"line":55,"column":26},"end":{"line":55,"column":27}},"31":{"start":{"line":56,"column":10},"end":{"line":60,"column":11}},"32":{"start":{"line":57,"column":12},"end":{"line":57,"column":26}},"33":{"start":{"line":59,"column":12},"end":{"line":59,"column":41}},"34":{"start":{"line":61,"column":10},"end":{"line":61,"column":42}},"35":{"start":{"line":63,"column":10},"end":{"line":65,"column":11}},"36":{"start":{"line":64,"column":12},"end":{"line":64,"column":23}},"37":{"start":{"line":66,"column":10},"end":{"line":66,"column":27}},"38":{"start":{"line":67,"column":10},"end":{"line":67,"column":16}},"39":{"start":{"line":70,"column":6},"end":{"line":70,"column":35}},"40":{"start":{"line":73,"column":2},"end":{"line":83,"column":3}},"41":{"start":{"line":73,"column":15},"end":{"line":73,"column":16}},"42":{"start":{"line":74,"column":4},"end":{"line":82,"column":5}},"43":{"start":{"line":74,"column":17},"end":{"line":74,"column":18}},"44":{"start":{"line":75,"column":14},"end":{"line":75,"column":25}},"45":{"start":{"line":76,"column":14},"end":{"line":76,"column":29}},"46":{"start":{"line":77,"column":6},"end":{"line":81,"column":7}},"47":{"start":{"line":78,"column":8},"end":{"line":78,"column":38}},"48":{"start":{"line":79,"column":13},"end":{"line":81,"column":7}},"49":{"start":{"line":80,"column":8},"end":{"line":80,"column":38}},"50":{"start":{"line":84,"column":2},"end":{"line":91,"column":3}},"51":{"start":{"line":85,"column":17},"end":{"line":85,"column":39}},"52":{"start":{"line":86,"column":22},"end":{"line":86,"column":31}},"53":{"start":{"line":87,"column":20},"end":{"line":87,"column":29}},"54":{"start":{"line":88,"column":20},"end":{"line":88,"column":29}},"55":{"start":{"line":89,"column":4},"end":{"line":89,"column":51}},"56":{"start":{"line":90,"column":4},"end":{"line":90,"column":39}},"57":{"start":{"line":93,"column":2},"end":{"line":93,"column":66}}},"fnMap":{"0":{"name":"upMovement","decl":{"start":{"line":3,"column":16},"end":{"line":3,"column":26}},"loc":{"start":{"line":3,"column":42},"end":{"line":94,"column":1}},"line":3}},"branchMap":{"0":{"loc":{"start":{"line":39,"column":6},"end":{"line":39,"column":43}},"type":"if","locations":[{"start":{"line":39,"column":6},"end":{"line":39,"column":43}},{"start":{},"end":{}}],"line":39},"1":{"loc":{"start":{"line":41,"column":8},"end":{"line":68,"column":9}},"type":"if","locations":[{"start":{"line":41,"column":8},"end":{"line":68,"column":9}},{"start":{"line":46,"column":15},"end":{"line":68,"column":9}}],"line":41},"2":{"loc":{"start":{"line":46,"column":15},"end":{"line":68,"column":9}},"type":"if","locations":[{"start":{"line":46,"column":15},"end":{"line":68,"column":9}},{"start":{},"end":{}}],"line":46},"3":{"loc":{"start":{"line":47,"column":10},"end":{"line":48,"column":36}},"type":"binary-expr","locations":[{"start":{"line":47,"column":10},"end":{"line":47,"column":51}},{"start":{"line":48,"column":10},"end":{"line":48,"column":36}}],"line":47},"4":{"loc":{"start":{"line":56,"column":10},"end":{"line":60,"column":11}},"type":"if","locations":[{"start":{"line":56,"column":10},"end":{"line":60,"column":11}},{"start":{"line":58,"column":17},"end":{"line":60,"column":11}}],"line":56},"5":{"loc":{"start":{"line":63,"column":10},"end":{"line":65,"column":11}},"type":"if","locations":[{"start":{"line":63,"column":10},"end":{"line":65,"column":11}},{"start":{},"end":{}}],"line":63},"6":{"loc":{"start":{"line":77,"column":6},"end":{"line":81,"column":7}},"type":"if","locations":[{"start":{"line":77,"column":6},"end":{"line":81,"column":7}},{"start":{"line":79,"column":13},"end":{"line":81,"column":7}}],"line":77},"7":{"loc":{"start":{"line":77,"column":10},"end":{"line":77,"column":28}},"type":"binary-expr","locations":[{"start":{"line":77,"column":10},"end":{"line":77,"column":17}},{"start":{"line":77,"column":21},"end":{"line":77,"column":28}}],"line":77},"8":{"loc":{"start":{"line":79,"column":13},"end":{"line":81,"column":7}},"type":"if","locations":[{"start":{"line":79,"column":13},"end":{"line":81,"column":7}},{"start":{},"end":{}}],"line":79},"9":{"loc":{"start":{"line":84,"column":2},"end":{"line":91,"column":3}},"type":"if","locations":[{"start":{"line":84,"column":2},"end":{"line":91,"column":3}},{"start":{},"end":{}}],"line":84}},"s":{"0":1,"1":1,"2":1,"3":1,"4":1,"5":1,"6":1,"7":1,"8":1,"9":4,"10":4,"11":4,"12":4,"13":4,"14":12,"15":12,"16":12,"17":0,"18":0,"19":0,"20":0,"21":0,"22":0,"23":0,"24":0,"25":0,"26":0,"27":0,"28":0,"29":0,"30":0,"31":0,"32":0,"33":0,"34":0,"35":0,"36":0,"37":0,"38":0,"39":0,"40":1,"41":1,"42":3,"43":3,"44":12,"45":12,"46":12,"47":0,"48":12,"49":0,"50":1,"51":0,"52":0,"53":0,"54":0,"55":0,"56":0,"57":1},"f":{"0":1},"b":{"0":[12,0],"1":[0,0],"2":[0,0],"3":[0,0],"4":[0,0],"5":[0,0],"6":[0,12],"7":[12,0],"8":[0,12],"9":[0,1]},"_coverageSchema":"1a1c01bbd47fc00a2c39e90264f33305004495a9","hash":"fd2e3393d900d3b4407ec5cd1f6775c5530949a1"}
,"/Users/andrean.buhchev/Documents/ReactNative/2048GameByAndyBuhchev/services/playGridServices/moveAnimationService.js": {"path":"/Users/andrean.buhchev/Documents/ReactNative/2048GameByAndyBuhchev/services/playGridServices/moveAnimationService.js","statementMap":{"0":{"start":{"line":2,"column":2},"end":{"line":4,"column":3}},"1":{"start":{"line":3,"column":4},"end":{"line":3,"column":13}},"2":{"start":{"line":5,"column":2},"end":{"line":7,"column":3}},"3":{"start":{"line":6,"column":4},"end":{"line":6,"column":14}},"4":{"start":{"line":8,"column":2},"end":{"line":17,"column":3}},"5":{"start":{"line":10,"column":6},"end":{"line":10,"column":35}},"6":{"start":{"line":12,"column":6},"end":{"line":12,"column":34}},"7":{"start":{"line":14,"column":6},"end":{"line":14,"column":35}},"8":{"start":{"line":16,"column":6},"end":{"line":16,"column":34}}},"fnMap":{"0":{"name":"moveAnimationService","decl":{"start":{"line":1,"column":16},"end":{"line":1,"column":36}},"loc":{"start":{"line":1,"column":69},"end":{"line":18,"column":1}},"line":1}},"branchMap":{"0":{"loc":{"start":{"line":2,"column":2},"end":{"line":4,"column":3}},"type":"if","locations":[{"start":{"line":2,"column":2},"end":{"line":4,"column":3}},{"start":{},"end":{}}],"line":2},"1":{"loc":{"start":{"line":5,"column":2},"end":{"line":7,"column":3}},"type":"if","locations":[{"start":{"line":5,"column":2},"end":{"line":7,"column":3}},{"start":{},"end":{}}],"line":5},"2":{"loc":{"start":{"line":8,"column":2},"end":{"line":17,"column":3}},"type":"switch","locations":[{"start":{"line":9,"column":4},"end":{"line":10,"column":35}},{"start":{"line":11,"column":4},"end":{"line":12,"column":34}},{"start":{"line":13,"column":4},"end":{"line":14,"column":35}},{"start":{"line":15,"column":4},"end":{"line":16,"column":34}}],"line":8}},"s":{"0":6,"1":1,"2":5,"3":1,"4":5,"5":0,"6":1,"7":3,"8":1},"f":{"0":6},"b":{"0":[1,5],"1":[1,4],"2":[0,1,3,1]},"_coverageSchema":"1a1c01bbd47fc00a2c39e90264f33305004495a9","hash":"b683da70ffaaf190f0aad066df670cdb3c3d4e44"}
}
