TN:
SF:services/bestScoreChecker.js
FN:1,bestScoreChecker
FNF:1
FNH:1
FNDA:2,bestScoreChecker
DA:2,2
DA:3,1
DA:5,1
LF:3
LH:3
BRDA:2,0,0,1
BRDA:2,0,1,1
BRF:2
BRH:2
end_of_record
TN:
SF:services/checkGameOver.js
FN:1,checkGameOver
FNF:1
FNH:1
FNDA:2,checkGameOver
DA:2,2
DA:3,5
DA:4,18
DA:5,1
DA:6,17
DA:10,0
DA:11,17
DA:15,0
DA:16,17
DA:20,0
DA:21,17
DA:25,0
DA:29,1
LF:13
LH:9
BRDA:4,0,0,1
BRDA:4,0,1,17
BRDA:6,1,0,0
BRDA:6,1,1,17
BRDA:7,2,0,17
BRDA:7,2,1,12
BRDA:11,3,0,0
BRDA:11,3,1,17
BRDA:12,4,0,17
BRDA:12,4,1,13
BRDA:16,5,0,0
BRDA:16,5,1,17
BRDA:17,6,0,17
BRDA:17,6,1,12
BRDA:21,7,0,0
BRDA:21,7,1,17
BRDA:22,8,0,17
BRDA:22,8,1,13
BRF:18
BRH:14
end_of_record
TN:
SF:services/showRandom.js
FN:1,showRandom
FNF:1
FNH:0
FNDA:0,showRandom
DA:2,0
DA:3,0
DA:5,0
DA:6,0
DA:7,0
DA:10,0
DA:11,0
DA:12,0
LF:8
LH:0
BRDA:10,0,0,0
BRDA:10,0,1,0
BRF:2
BRH:0
end_of_record
TN:
SF:services/movements/downMovement.js
FN:3,downMovement
FNF:1
FNH:1
FNDA:1,downMovement
DA:4,1
DA:10,1
DA:11,1
DA:12,1
DA:13,1
DA:19,1
DA:25,1
DA:32,1
DA:33,4
DA:34,4
DA:35,4
DA:37,4
DA:38,16
DA:39,16
DA:40,3
DA:41,0
DA:42,0
DA:43,0
DA:44,0
DA:45,0
DA:46,0
DA:50,0
DA:52,0
DA:53,0
DA:55,0
DA:56,0
DA:57,0
DA:58,0
DA:59,0
DA:61,0
DA:63,0
DA:65,0
DA:66,0
DA:68,0
DA:69,0
DA:72,3
DA:75,1
DA:76,3
DA:77,12
DA:78,12
DA:79,12
DA:80,0
DA:81,12
DA:82,0
DA:86,1
DA:87,0
DA:88,0
DA:89,0
DA:90,0
DA:91,0
DA:92,0
DA:95,1
LF:52
LH:24
BRDA:39,0,0,13
BRDA:39,0,1,3
BRDA:41,1,0,0
BRDA:41,1,1,0
BRDA:46,2,0,0
BRDA:46,2,1,0
BRDA:47,3,0,0
BRDA:47,3,1,0
BRDA:58,4,0,0
BRDA:58,4,1,0
BRDA:65,5,0,0
BRDA:65,5,1,0
BRDA:79,6,0,0
BRDA:79,6,1,12
BRDA:79,7,0,12
BRDA:79,7,1,0
BRDA:81,8,0,0
BRDA:81,8,1,12
BRDA:86,9,0,0
BRDA:86,9,1,1
BRF:20
BRH:6
end_of_record
TN:
SF:services/movements/leftMovement.js
FN:3,leftMovement
FNF:1
FNH:1
FNDA:1,leftMovement
DA:4,1
DA:10,1
DA:11,1
DA:12,1
DA:13,1
DA:19,1
DA:25,1
DA:32,1
DA:33,4
DA:34,4
DA:35,4
DA:36,4
DA:37,12
DA:38,12
DA:39,0
DA:40,0
DA:41,0
DA:42,0
DA:43,0
DA:44,0
DA:45,0
DA:49,0
DA:50,0
DA:51,0
DA:52,0
DA:53,0
DA:54,0
DA:55,0
DA:56,0
DA:58,0
DA:60,0
DA:61,0
DA:62,0
DA:64,0
DA:65,0
DA:68,0
DA:71,1
DA:72,3
DA:73,12
DA:74,12
DA:75,12
DA:76,0
DA:77,12
DA:78,0
DA:82,1
DA:83,0
DA:84,0
DA:85,0
DA:86,0
DA:87,0
DA:88,0
DA:91,1
LF:52
LH:22
BRDA:38,0,0,12
BRDA:38,0,1,0
BRDA:40,1,0,0
BRDA:40,1,1,0
BRDA:45,2,0,0
BRDA:45,2,1,0
BRDA:46,3,0,0
BRDA:46,3,1,0
BRDA:55,4,0,0
BRDA:55,4,1,0
BRDA:61,5,0,0
BRDA:61,5,1,0
BRDA:75,6,0,0
BRDA:75,6,1,12
BRDA:75,7,0,12
BRDA:75,7,1,0
BRDA:77,8,0,0
BRDA:77,8,1,12
BRDA:82,9,0,0
BRDA:82,9,1,1
BRF:20
BRH:5
end_of_record
TN:
SF:services/movements/rightMovement.js
FN:3,rightMovement
FNF:1
FNH:1
FNDA:1,rightMovement
DA:4,1
DA:10,1
DA:11,1
DA:12,1
DA:14,1
DA:20,1
DA:26,1
DA:33,1
DA:34,4
DA:35,4
DA:36,4
DA:38,4
DA:39,16
DA:40,16
DA:41,2
DA:42,2
DA:43,0
DA:44,0
DA:45,0
DA:46,0
DA:47,2
DA:51,0
DA:52,0
DA:53,0
DA:54,0
DA:55,0
DA:56,0
DA:57,0
DA:58,0
DA:60,0
DA:62,0
DA:64,0
DA:65,0
DA:67,0
DA:70,2
DA:73,1
DA:74,3
DA:75,12
DA:76,12
DA:77,12
DA:78,0
DA:79,12
DA:80,0
DA:84,1
DA:85,0
DA:86,0
DA:87,0
DA:88,0
DA:89,0
DA:90,0
DA:93,1
LF:51
LH:26
BRDA:40,0,0,14
BRDA:40,0,1,2
BRDA:42,1,0,0
BRDA:42,1,1,2
BRDA:47,2,0,0
BRDA:47,2,1,2
BRDA:48,3,0,2
BRDA:48,3,1,0
BRDA:57,4,0,0
BRDA:57,4,1,0
BRDA:64,5,0,0
BRDA:64,5,1,0
BRDA:77,6,0,0
BRDA:77,6,1,12
BRDA:77,7,0,12
BRDA:77,7,1,0
BRDA:79,8,0,0
BRDA:79,8,1,12
BRDA:84,9,0,0
BRDA:84,9,1,1
BRF:20
BRH:9
end_of_record
TN:
SF:services/movements/upMovement.js
FN:3,upMovement
FNF:1
FNH:1
FNDA:1,upMovement
DA:4,1
DA:10,1
DA:11,1
DA:12,1
DA:14,1
DA:20,1
DA:26,1
DA:33,1
DA:34,4
DA:35,4
DA:36,4
DA:37,4
DA:38,12
DA:39,12
DA:40,0
DA:41,0
DA:42,0
DA:43,0
DA:44,0
DA:45,0
DA:46,0
DA:50,0
DA:51,0
DA:52,0
DA:53,0
DA:54,0
DA:55,0
DA:56,0
DA:57,0
DA:59,0
DA:61,0
DA:63,0
DA:64,0
DA:66,0
DA:67,0
DA:70,0
DA:73,1
DA:74,3
DA:75,12
DA:76,12
DA:77,12
DA:78,0
DA:79,12
DA:80,0
DA:84,1
DA:85,0
DA:86,0
DA:87,0
DA:88,0
DA:89,0
DA:90,0
DA:93,1
LF:52
LH:22
BRDA:39,0,0,12
BRDA:39,0,1,0
BRDA:41,1,0,0
BRDA:41,1,1,0
BRDA:46,2,0,0
BRDA:46,2,1,0
BRDA:47,3,0,0
BRDA:47,3,1,0
BRDA:56,4,0,0
BRDA:56,4,1,0
BRDA:63,5,0,0
BRDA:63,5,1,0
BRDA:77,6,0,0
BRDA:77,6,1,12
BRDA:77,7,0,12
BRDA:77,7,1,0
BRDA:79,8,0,0
BRDA:79,8,1,12
BRDA:84,9,0,0
BRDA:84,9,1,1
BRF:20
BRH:5
end_of_record
TN:
SF:services/playGridServices/moveAnimationService.js
FN:1,moveAnimationService
FNF:1
FNH:1
FNDA:6,moveAnimationService
DA:2,6
DA:3,1
DA:5,5
DA:6,1
DA:8,5
DA:10,0
DA:12,1
DA:14,3
DA:16,1
LF:9
LH:8
BRDA:2,0,0,1
BRDA:2,0,1,5
BRDA:5,1,0,1
BRDA:5,1,1,4
BRDA:8,2,0,0
BRDA:8,2,1,1
BRDA:8,2,2,3
BRDA:8,2,3,1
BRF:8
BRH:7
end_of_record
