TN:
SF:components/BottomStats.js
FN:8,BottomStats
FN:10,(anonymous_1)
FN:11,(anonymous_2)
FNF:3
FNH:0
FNDA:0,BottomStats
FNDA:0,(anonymous_1)
FNDA:0,(anonymous_2)
DA:9,0
DA:10,0
DA:11,0
DA:12,0
DA:26,1
LF:5
LH:1
BRF:0
BRH:0
end_of_record
TN:
SF:components/Button.js
FN:3,Button
FNF:1
FNH:1
FNDA:57,Button
DA:4,57
LF:1
LH:1
BRF:0
BRH:0
end_of_record
TN:
SF:components/Logo.js
FN:3,Logo
FNF:1
FNH:1
FNDA:30,Logo
DA:4,30
LF:1
LH:1
BRF:0
BRH:0
end_of_record
TN:
SF:components/StyledTextInput.js
FNF:0
FNH:0
DA:3,3
LF:1
LH:1
BRF:0
BRH:0
end_of_record
TN:
SF:components/Tips.js
FN:7,Tips
FNF:1
FNH:0
FNDA:0,Tips
DA:8,0
DA:9,0
DA:14,1
LF:3
LH:1
BRF:0
BRH:0
end_of_record
TN:
SF:components/Header/Header.js
FN:7,Header
FNF:1
FNH:0
FNDA:0,Header
DA:8,0
DA:22,1
LF:2
LH:1
BRF:0
BRH:0
end_of_record
TN:
SF:components/Header/TopButtons.js
FN:8,TopButtons
FNF:1
FNH:0
FNDA:0,TopButtons
DA:9,0
DA:10,0
DA:30,1
LF:3
LH:1
BRF:0
BRH:0
end_of_record
TN:
SF:components/Header/TopFieldsContainer.js
FN:5,TopFieldsContainer
FNF:1
FNH:0
FNDA:0,TopFieldsContainer
DA:6,0
DA:19,1
LF:2
LH:1
BRF:0
BRH:0
end_of_record
TN:
SF:components/Header/Stats/Stat.js
FN:5,Stat
FNF:1
FNH:0
FNDA:0,Stat
DA:6,0
DA:16,1
LF:2
LH:1
BRF:0
BRH:0
end_of_record
TN:
SF:components/Header/Stats/TopStats.js
FN:7,TopStats
FN:9,(anonymous_1)
FNF:2
FNH:0
FNDA:0,TopStats
FNDA:0,(anonymous_1)
DA:8,0
DA:9,0
DA:11,0
DA:21,1
LF:4
LH:1
BRF:0
BRH:0
end_of_record
TN:
SF:components/Leaderboard/LeaderboardList.js
FN:7,LeaderboardList
FN:11,(anonymous_1)
FNF:2
FNH:1
FNDA:5,LeaderboardList
FNDA:0,(anonymous_1)
DA:8,5
DA:9,5
DA:12,0
DA:27,3
LF:4
LH:3
BRF:0
BRH:0
end_of_record
TN:
SF:components/Login/LoginButtons.js
FN:8,LoginButtons
FNF:1
FNH:1
FNDA:11,LoginButtons
DA:9,11
DA:10,11
DA:37,3
LF:3
LH:3
BRF:0
BRH:0
end_of_record
TN:
SF:components/Login/LoginForm.js
FN:6,LoginForm
FNF:1
FNH:1
FNDA:11,LoginForm
DA:7,11
DA:8,11
LF:2
LH:2
BRF:0
BRH:0
end_of_record
TN:
SF:components/PlayGrid/GridRow.js
FN:4,GridRow
FN:7,(anonymous_1)
FNF:2
FNH:0
FNDA:0,GridRow
FNDA:0,(anonymous_1)
DA:5,0
DA:8,0
DA:23,1
LF:3
LH:1
BRF:0
BRH:0
end_of_record
TN:
SF:components/PlayGrid/NumberField.js
FN:26,NumberField
FNF:1
FNH:0
FNDA:0,NumberField
DA:27,0
DA:28,0
DA:29,0
DA:30,0
DA:31,0
DA:32,0
DA:222,0
DA:237,1
LF:8
LH:1
BRDA:225,0,0,0
BRDA:225,0,1,0
BRF:2
BRH:0
end_of_record
TN:
SF:components/PlayGrid/PlayGrid.js
FN:6,PlayGrid
FN:7,(anonymous_1)
FN:8,(anonymous_2)
FN:9,(anonymous_3)
FN:10,(anonymous_4)
FN:11,(anonymous_5)
FN:15,(anonymous_6)
FNF:7
FNH:0
FNDA:0,PlayGrid
FNDA:0,(anonymous_1)
FNDA:0,(anonymous_2)
FNDA:0,(anonymous_3)
FNDA:0,(anonymous_4)
FNDA:0,(anonymous_5)
FNDA:0,(anonymous_6)
DA:7,0
DA:8,0
DA:9,0
DA:10,0
DA:11,0
DA:13,0
DA:16,0
DA:31,1
LF:8
LH:1
BRF:0
BRH:0
end_of_record
TN:
SF:components/SignUp/SignUpForm.js
FN:7,SignUpForm
FNF:1
FNH:1
FNDA:14,SignUpForm
DA:8,14
DA:9,14
DA:35,3
LF:3
LH:3
BRF:0
BRH:0
end_of_record
TN:
SF:constants/Colors.js
FNF:0
FNH:0
DA:1,3
LF:1
LH:1
BRF:0
BRH:0
end_of_record
TN:
SF:constants/Fonts.js
FNF:0
FNH:0
DA:1,3
LF:1
LH:1
BRF:0
BRH:0
end_of_record
TN:
SF:constants/StylesGlobal.js
FNF:0
FNH:0
DA:5,1
LF:1
LH:1
BRF:0
BRH:0
end_of_record
TN:
SF:customHooks/useReset.js
FN:17,useReset
FN:19,(anonymous_1)
FNF:2
FNH:0
FNDA:0,useReset
FNDA:0,(anonymous_1)
DA:18,0
DA:19,0
DA:20,0
DA:21,0
DA:22,0
DA:23,0
DA:24,0
DA:25,0
DA:26,0
DA:27,0
DA:28,0
DA:29,0
DA:30,0
LF:13
LH:0
BRF:0
BRH:0
end_of_record
TN:
SF:customHooks/useSwipe.js
FN:16,useSwipe
FN:18,(anonymous_1)
FN:19,(anonymous_2)
FN:21,(anonymous_3)
FNF:4
FNH:0
FNDA:0,useSwipe
FNDA:0,(anonymous_1)
FNDA:0,(anonymous_2)
FNDA:0,(anonymous_3)
DA:17,0
DA:18,0
DA:19,0
DA:20,0
DA:21,0
DA:22,0
DA:24,0
DA:25,0
DA:26,0
DA:27,0
DA:28,0
DA:29,0
DA:30,0
DA:31,0
DA:32,0
DA:33,0
DA:34,0
DA:36,0
DA:37,0
DA:38,0
DA:39,0
DA:40,0
DA:41,0
DA:42,0
DA:43,0
DA:44,0
DA:45,0
DA:46,0
DA:48,0
DA:49,0
DA:50,0
DA:51,0
DA:52,0
DA:53,0
DA:54,0
DA:55,0
DA:56,0
DA:57,0
DA:58,0
DA:60,0
DA:61,0
DA:62,0
DA:63,0
DA:64,0
DA:65,0
DA:66,0
DA:67,0
DA:68,0
DA:69,0
DA:70,0
LF:50
LH:0
BRDA:22,0,0,0
BRDA:22,0,1,0
BRDA:22,0,2,0
BRDA:22,0,3,0
BRF:4
BRH:0
end_of_record
TN:
SF:localization/i18n.js
FNF:0
FNH:0
DA:6,3
LF:1
LH:1
BRF:0
BRH:0
end_of_record
TN:
SF:redux/slices/direction.js
FN:10,(anonymous_0)
FN:13,(anonymous_1)
FNF:2
FNH:0
FNDA:0,(anonymous_0)
FNDA:0,(anonymous_1)
DA:3,1
DA:6,1
DA:11,0
DA:14,0
DA:19,1
LF:5
LH:3
BRF:0
BRH:0
end_of_record
TN:
SF:redux/slices/gameValues.js
FN:22,(anonymous_0)
FN:34,(anonymous_1)
FN:37,(anonymous_2)
FN:45,(anonymous_3)
FN:48,(anonymous_4)
FNF:5
FNH:0
FNDA:0,(anonymous_0)
FNDA:0,(anonymous_1)
FNDA:0,(anonymous_2)
FNDA:0,(anonymous_3)
FNDA:0,(anonymous_4)
DA:4,1
DA:18,1
DA:23,0
DA:24,0
DA:25,0
DA:26,0
DA:27,0
DA:28,0
DA:29,0
DA:30,0
DA:31,0
DA:32,0
DA:35,0
DA:38,0
DA:46,0
DA:49,0
DA:65,1
LF:17
LH:3
BRF:0
BRH:0
end_of_record
TN:
SF:redux/slices/isMerged.js
FN:15,(anonymous_0)
FN:18,(anonymous_1)
FNF:2
FNH:0
FNDA:0,(anonymous_0)
FNDA:0,(anonymous_1)
DA:3,1
DA:11,1
DA:16,0
DA:19,0
DA:29,1
LF:5
LH:3
BRF:0
BRH:0
end_of_record
TN:
SF:redux/slices/isNew.js
FN:15,(anonymous_0)
FN:18,(anonymous_1)
FNF:2
FNH:0
FNDA:0,(anonymous_0)
FNDA:0,(anonymous_1)
DA:3,1
DA:11,1
DA:16,0
DA:19,0
DA:29,1
LF:5
LH:3
BRF:0
BRH:0
end_of_record
TN:
SF:redux/slices/moves.js
FN:10,(anonymous_0)
FN:13,(anonymous_1)
FNF:2
FNH:0
FNDA:0,(anonymous_0)
FNDA:0,(anonymous_1)
DA:3,1
DA:6,1
DA:11,0
DA:14,0
DA:19,1
LF:5
LH:3
BRF:0
BRH:0
end_of_record
TN:
SF:redux/slices/score.js
FN:10,(anonymous_0)
FN:13,(anonymous_1)
FNF:2
FNH:0
FNDA:0,(anonymous_0)
FNDA:0,(anonymous_1)
DA:3,1
DA:6,1
DA:11,0
DA:14,0
DA:19,1
LF:5
LH:3
BRF:0
BRH:0
end_of_record
TN:
SF:redux/slices/steps.js
FN:15,(anonymous_0)
FN:18,(anonymous_1)
FNF:2
FNH:0
FNDA:0,(anonymous_0)
FNDA:0,(anonymous_1)
DA:3,1
DA:11,1
DA:16,0
DA:19,0
DA:29,1
LF:5
LH:3
BRF:0
BRH:0
end_of_record
TN:
SF:redux/slices/timer.js
FN:10,(anonymous_0)
FN:13,(anonymous_1)
FNF:2
FNH:0
FNDA:0,(anonymous_0)
FNDA:0,(anonymous_1)
DA:3,1
DA:6,1
DA:11,0
DA:14,0
DA:19,1
LF:5
LH:3
BRF:0
BRH:0
end_of_record
TN:
SF:redux/slices/win.js
FN:10,(anonymous_0)
FN:13,(anonymous_1)
FNF:2
FNH:0
FNDA:0,(anonymous_0)
FNDA:0,(anonymous_1)
DA:3,1
DA:6,1
DA:11,0
DA:14,0
DA:19,1
LF:5
LH:3
BRF:0
BRH:0
end_of_record
TN:
SF:screens/GameScreen.js
FN:25,GameScreen
FN:31,(anonymous_1)
FN:32,(anonymous_2)
FN:33,(anonymous_3)
FN:34,(anonymous_4)
FN:39,(anonymous_5)
FN:43,(anonymous_6)
FN:47,(anonymous_7)
FN:56,(anonymous_8)
FN:61,(anonymous_9)
FN:64,(anonymous_10)
FN:67,(anonymous_11)
FN:70,(anonymous_12)
FN:74,(anonymous_13)
FN:86,(anonymous_14)
FN:90,(anonymous_15)
FN:94,(anonymous_16)
FN:96,(anonymous_17)
FN:101,(anonymous_18)
FN:106,(anonymous_19)
FN:125,(anonymous_20)
FNF:21
FNH:0
FNDA:0,GameScreen
FNDA:0,(anonymous_1)
FNDA:0,(anonymous_2)
FNDA:0,(anonymous_3)
FNDA:0,(anonymous_4)
FNDA:0,(anonymous_5)
FNDA:0,(anonymous_6)
FNDA:0,(anonymous_7)
FNDA:0,(anonymous_8)
FNDA:0,(anonymous_9)
FNDA:0,(anonymous_10)
FNDA:0,(anonymous_11)
FNDA:0,(anonymous_12)
FNDA:0,(anonymous_13)
FNDA:0,(anonymous_14)
FNDA:0,(anonymous_15)
FNDA:0,(anonymous_16)
FNDA:0,(anonymous_17)
FNDA:0,(anonymous_18)
FNDA:0,(anonymous_19)
FNDA:0,(anonymous_20)
DA:26,0
DA:27,0
DA:28,0
DA:29,0
DA:30,0
DA:31,0
DA:32,0
DA:33,0
DA:34,0
DA:35,0
DA:36,0
DA:37,0
DA:39,0
DA:40,0
DA:43,0
DA:44,0
DA:47,0
DA:48,0
DA:49,0
DA:51,0
DA:53,0
DA:56,0
DA:57,0
DA:58,0
DA:61,0
DA:62,0
DA:64,0
DA:65,0
DA:67,0
DA:68,0
DA:70,0
DA:71,0
DA:74,0
DA:75,0
DA:76,0
DA:77,0
DA:81,0
DA:86,0
DA:87,0
DA:90,0
DA:91,0
DA:94,0
DA:95,0
DA:96,0
DA:97,0
DA:101,0
DA:102,0
DA:103,0
DA:106,0
DA:107,0
DA:108,0
DA:109,0
DA:110,0
DA:111,0
DA:113,0
DA:125,0
DA:126,0
DA:127,0
DA:128,0
DA:129,0
DA:130,0
DA:132,0
DA:144,0
DA:182,1
LF:64
LH:1
BRDA:48,0,0,0
BRDA:48,0,1,0
BRDA:76,1,0,0
BRDA:76,1,1,0
BRDA:107,2,0,0
BRDA:107,2,1,0
BRDA:110,3,0,0
BRDA:110,3,1,0
BRDA:126,4,0,0
BRDA:126,4,1,0
BRDA:129,5,0,0
BRDA:129,5,1,0
BRF:12
BRH:0
end_of_record
TN:
SF:screens/LeaderboardScreen.js
FN:14,LeaderboardScreen
FN:20,(anonymous_1)
FN:24,(anonymous_2)
FNF:3
FNH:3
FNDA:8,LeaderboardScreen
FNDA:1,(anonymous_1)
FNDA:1,(anonymous_2)
DA:15,8
DA:16,7
DA:17,7
DA:18,7
DA:20,7
DA:21,1
DA:24,7
DA:25,1
DA:26,1
DA:27,1
DA:28,1
DA:29,1
DA:32,7
DA:33,2
DA:39,5
DA:61,3
LF:16
LH:16
BRDA:32,0,0,2
BRDA:32,0,1,5
BRF:2
BRH:2
end_of_record
TN:
SF:screens/LoginScreen.js
FN:16,LoginScreen
FN:22,(anonymous_1)
FN:39,(anonymous_2)
FN:43,(anonymous_3)
FN:47,(anonymous_4)
FN:51,(anonymous_5)
FN:67,(anonymous_6)
FN:73,(anonymous_7)
FNF:8
FNH:6
FNDA:11,LoginScreen
FNDA:2,(anonymous_1)
FNDA:1,(anonymous_2)
FNDA:1,(anonymous_3)
FNDA:2,(anonymous_4)
FNDA:2,(anonymous_5)
FNDA:0,(anonymous_6)
FNDA:0,(anonymous_7)
DA:17,11
DA:18,11
DA:19,11
DA:20,11
DA:22,11
DA:23,2
DA:30,2
DA:31,1
DA:39,11
DA:40,1
DA:43,11
DA:44,1
DA:47,11
DA:48,2
DA:51,11
DA:52,2
DA:55,11
DA:67,0
DA:73,0
DA:111,3
LF:20
LH:18
BRDA:30,0,0,1
BRDA:30,0,1,1
BRF:2
BRH:2
end_of_record
TN:
SF:screens/SignUpScreen.js
FN:14,SignUpScreen
FN:22,(anonymous_1)
FN:44,(anonymous_2)
FN:48,(anonymous_3)
FN:52,(anonymous_4)
FNF:5
FNH:5
FNDA:14,SignUpScreen
FNDA:2,(anonymous_1)
FNDA:3,(anonymous_2)
FNDA:3,(anonymous_3)
FNDA:3,(anonymous_4)
DA:15,14
DA:16,14
DA:17,14
DA:18,14
DA:20,14
DA:22,14
DA:23,2
DA:30,2
DA:31,2
DA:37,2
DA:38,2
DA:39,1
DA:40,1
DA:44,14
DA:45,3
DA:48,14
DA:49,3
DA:52,14
DA:53,3
DA:56,14
DA:76,3
LF:21
LH:21
BRDA:30,0,0,2
BRDA:30,0,1,0
BRDA:38,1,0,1
BRDA:38,1,1,1
BRF:4
BRH:3
end_of_record
TN:
SF:services/bestScoreChecker.js
FN:1,bestScoreChecker
FNF:1
FNH:1
FNDA:2,bestScoreChecker
DA:2,2
DA:3,1
DA:5,1
LF:3
LH:3
BRDA:2,0,0,1
BRDA:2,0,1,1
BRF:2
BRH:2
end_of_record
TN:
SF:services/checkGameOver.js
FN:1,checkGameOver
FNF:1
FNH:1
FNDA:2,checkGameOver
DA:2,2
DA:3,5
DA:4,18
DA:5,1
DA:6,17
DA:10,0
DA:11,17
DA:15,0
DA:16,17
DA:20,0
DA:21,17
DA:25,0
DA:29,1
LF:13
LH:9
BRDA:4,0,0,1
BRDA:4,0,1,17
BRDA:6,1,0,0
BRDA:6,1,1,17
BRDA:7,2,0,17
BRDA:7,2,1,12
BRDA:11,3,0,0
BRDA:11,3,1,17
BRDA:12,4,0,17
BRDA:12,4,1,13
BRDA:16,5,0,0
BRDA:16,5,1,17
BRDA:17,6,0,17
BRDA:17,6,1,12
BRDA:21,7,0,0
BRDA:21,7,1,17
BRDA:22,8,0,17
BRDA:22,8,1,13
BRF:18
BRH:14
end_of_record
TN:
SF:services/leaderboardService.js
FN:4,getLeaderboard
FN:9,(anonymous_1)
FN:22,sortUsers
FN:23,(anonymous_3)
FNF:4
FNH:2
FNDA:1,getLeaderboard
FNDA:0,(anonymous_1)
FNDA:1,sortUsers
FNDA:0,(anonymous_3)
DA:5,1
DA:6,1
DA:7,1
DA:8,1
DA:9,1
DA:10,0
DA:11,0
DA:12,0
DA:15,0
DA:17,1
DA:18,1
DA:19,1
DA:23,1
DA:24,0
DA:26,1
LF:15
LH:10
BRDA:24,0,0,0
BRDA:24,0,1,0
BRDA:24,1,0,0
BRDA:24,1,1,0
BRF:4
BRH:0
end_of_record
TN:
SF:services/showRandom.js
FN:1,showRandom
FNF:1
FNH:0
FNDA:0,showRandom
DA:2,0
DA:3,0
DA:5,0
DA:6,0
DA:7,0
DA:10,0
DA:11,0
DA:12,0
LF:8
LH:0
BRDA:10,0,0,0
BRDA:10,0,1,0
BRF:2
BRH:0
end_of_record
TN:
SF:services/userService.js
FN:4,getUser
FN:18,getLoginIsValidAnduserScore
FN:42,setScoreForUser
FN:60,validSignUpCredentials
FN:81,registerUser
FNF:5
FNH:4
FNDA:2,getUser
FNDA:2,getLoginIsValidAnduserScore
FNDA:0,setScoreForUser
FNDA:2,validSignUpCredentials
FNDA:2,registerUser
DA:5,2
DA:6,2
DA:7,2
DA:8,1
DA:9,1
DA:11,1
DA:14,0
DA:25,2
DA:26,2
DA:28,2
DA:29,2
DA:30,1
DA:31,1
DA:32,1
DA:34,0
DA:37,1
DA:39,2
DA:43,0
DA:44,0
DA:45,0
DA:53,0
DA:54,0
DA:56,0
DA:67,2
DA:68,2
DA:70,2
DA:71,0
DA:72,0
DA:74,2
DA:75,0
DA:76,0
DA:78,2
DA:87,2
DA:88,2
DA:89,2
DA:90,1
DA:98,1
DA:100,1
DA:101,1
DA:104,0
LF:40
LH:27
BRDA:7,0,0,1
BRDA:7,0,1,1
BRDA:29,1,0,1
BRDA:29,1,1,1
BRDA:30,2,0,1
BRDA:30,2,1,0
BRDA:67,3,0,2
BRDA:67,3,1,2
BRDA:68,4,0,2
BRDA:68,4,1,2
BRDA:70,5,0,0
BRDA:70,5,1,2
BRDA:74,6,0,0
BRDA:74,6,1,2
BRDA:89,7,0,1
BRDA:89,7,1,1
BRF:16
BRH:13
end_of_record
TN:
SF:services/movements/downMovement.js
FN:3,downMovement
FNF:1
FNH:1
FNDA:1,downMovement
DA:4,1
DA:10,1
DA:11,1
DA:12,1
DA:13,1
DA:19,1
DA:25,1
DA:32,1
DA:33,4
DA:34,4
DA:35,4
DA:37,4
DA:38,16
DA:39,16
DA:40,3
DA:41,0
DA:42,0
DA:43,0
DA:44,0
DA:45,0
DA:46,0
DA:50,0
DA:52,0
DA:53,0
DA:55,0
DA:56,0
DA:57,0
DA:58,0
DA:59,0
DA:61,0
DA:63,0
DA:65,0
DA:66,0
DA:68,0
DA:69,0
DA:72,3
DA:75,1
DA:76,3
DA:77,12
DA:78,12
DA:79,12
DA:80,0
DA:81,12
DA:82,0
DA:86,1
DA:87,0
DA:88,0
DA:89,0
DA:90,0
DA:91,0
DA:92,0
DA:95,1
LF:52
LH:24
BRDA:39,0,0,13
BRDA:39,0,1,3
BRDA:41,1,0,0
BRDA:41,1,1,0
BRDA:46,2,0,0
BRDA:46,2,1,0
BRDA:47,3,0,0
BRDA:47,3,1,0
BRDA:58,4,0,0
BRDA:58,4,1,0
BRDA:65,5,0,0
BRDA:65,5,1,0
BRDA:79,6,0,0
BRDA:79,6,1,12
BRDA:79,7,0,12
BRDA:79,7,1,0
BRDA:81,8,0,0
BRDA:81,8,1,12
BRDA:86,9,0,0
BRDA:86,9,1,1
BRF:20
BRH:6
end_of_record
TN:
SF:services/movements/leftMovement.js
FN:3,leftMovement
FNF:1
FNH:1
FNDA:1,leftMovement
DA:4,1
DA:10,1
DA:11,1
DA:12,1
DA:13,1
DA:19,1
DA:25,1
DA:32,1
DA:33,4
DA:34,4
DA:35,4
DA:36,4
DA:37,12
DA:38,12
DA:39,0
DA:40,0
DA:41,0
DA:42,0
DA:43,0
DA:44,0
DA:45,0
DA:49,0
DA:50,0
DA:51,0
DA:52,0
DA:53,0
DA:54,0
DA:55,0
DA:56,0
DA:58,0
DA:60,0
DA:61,0
DA:62,0
DA:64,0
DA:65,0
DA:68,0
DA:71,1
DA:72,3
DA:73,12
DA:74,12
DA:75,12
DA:76,0
DA:77,12
DA:78,0
DA:82,1
DA:83,0
DA:84,0
DA:85,0
DA:86,0
DA:87,0
DA:88,0
DA:91,1
LF:52
LH:22
BRDA:38,0,0,12
BRDA:38,0,1,0
BRDA:40,1,0,0
BRDA:40,1,1,0
BRDA:45,2,0,0
BRDA:45,2,1,0
BRDA:46,3,0,0
BRDA:46,3,1,0
BRDA:55,4,0,0
BRDA:55,4,1,0
BRDA:61,5,0,0
BRDA:61,5,1,0
BRDA:75,6,0,0
BRDA:75,6,1,12
BRDA:75,7,0,12
BRDA:75,7,1,0
BRDA:77,8,0,0
BRDA:77,8,1,12
BRDA:82,9,0,0
BRDA:82,9,1,1
BRF:20
BRH:5
end_of_record
TN:
SF:services/movements/rightMovement.js
FN:3,rightMovement
FNF:1
FNH:1
FNDA:1,rightMovement
DA:4,1
DA:10,1
DA:11,1
DA:12,1
DA:14,1
DA:20,1
DA:26,1
DA:33,1
DA:34,4
DA:35,4
DA:36,4
DA:38,4
DA:39,16
DA:40,16
DA:41,2
DA:42,2
DA:43,0
DA:44,0
DA:45,0
DA:46,0
DA:47,2
DA:51,0
DA:52,0
DA:53,0
DA:54,0
DA:55,0
DA:56,0
DA:57,0
DA:58,0
DA:60,0
DA:62,0
DA:64,0
DA:65,0
DA:67,0
DA:70,2
DA:73,1
DA:74,3
DA:75,12
DA:76,12
DA:77,12
DA:78,0
DA:79,12
DA:80,0
DA:84,1
DA:85,0
DA:86,0
DA:87,0
DA:88,0
DA:89,0
DA:90,0
DA:93,1
LF:51
LH:26
BRDA:40,0,0,14
BRDA:40,0,1,2
BRDA:42,1,0,0
BRDA:42,1,1,2
BRDA:47,2,0,0
BRDA:47,2,1,2
BRDA:48,3,0,2
BRDA:48,3,1,0
BRDA:57,4,0,0
BRDA:57,4,1,0
BRDA:64,5,0,0
BRDA:64,5,1,0
BRDA:77,6,0,0
BRDA:77,6,1,12
BRDA:77,7,0,12
BRDA:77,7,1,0
BRDA:79,8,0,0
BRDA:79,8,1,12
BRDA:84,9,0,0
BRDA:84,9,1,1
BRF:20
BRH:9
end_of_record
TN:
SF:services/movements/upMovement.js
FN:3,upMovement
FNF:1
FNH:1
FNDA:1,upMovement
DA:4,1
DA:10,1
DA:11,1
DA:12,1
DA:14,1
DA:20,1
DA:26,1
DA:33,1
DA:34,4
DA:35,4
DA:36,4
DA:37,4
DA:38,12
DA:39,12
DA:40,0
DA:41,0
DA:42,0
DA:43,0
DA:44,0
DA:45,0
DA:46,0
DA:50,0
DA:51,0
DA:52,0
DA:53,0
DA:54,0
DA:55,0
DA:56,0
DA:57,0
DA:59,0
DA:61,0
DA:63,0
DA:64,0
DA:66,0
DA:67,0
DA:70,0
DA:73,1
DA:74,3
DA:75,12
DA:76,12
DA:77,12
DA:78,0
DA:79,12
DA:80,0
DA:84,1
DA:85,0
DA:86,0
DA:87,0
DA:88,0
DA:89,0
DA:90,0
DA:93,1
LF:52
LH:22
BRDA:39,0,0,12
BRDA:39,0,1,0
BRDA:41,1,0,0
BRDA:41,1,1,0
BRDA:46,2,0,0
BRDA:46,2,1,0
BRDA:47,3,0,0
BRDA:47,3,1,0
BRDA:56,4,0,0
BRDA:56,4,1,0
BRDA:63,5,0,0
BRDA:63,5,1,0
BRDA:77,6,0,0
BRDA:77,6,1,12
BRDA:77,7,0,12
BRDA:77,7,1,0
BRDA:79,8,0,0
BRDA:79,8,1,12
BRDA:84,9,0,0
BRDA:84,9,1,1
BRF:20
BRH:5
end_of_record
TN:
SF:services/playGridServices/moveAnimationService.js
FN:1,moveAnimationService
FNF:1
FNH:1
FNDA:7,moveAnimationService
DA:2,7
DA:3,1
DA:5,6
DA:6,1
DA:8,6
DA:10,1
DA:12,1
DA:14,3
DA:16,1
LF:9
LH:9
BRDA:2,0,0,1
BRDA:2,0,1,6
BRDA:5,1,0,1
BRDA:5,1,1,5
BRDA:8,2,0,1
BRDA:8,2,1,1
BRDA:8,2,2,3
BRDA:8,2,3,1
BRF:8
BRH:8
end_of_record
TN:
SF:services/playGridServices/styleService.js
FN:3,styleService
FNF:1
FNH:0
FNDA:0,styleService
DA:4,0
DA:6,0
DA:8,0
DA:10,0
DA:12,0
DA:14,0
DA:19,0
DA:24,0
DA:29,0
DA:34,0
DA:39,0
DA:44,0
DA:49,0
LF:13
LH:0
BRDA:4,0,0,0
BRDA:4,0,1,0
BRDA:4,0,2,0
BRDA:4,0,3,0
BRDA:4,0,4,0
BRDA:4,0,5,0
BRDA:4,0,6,0
BRDA:4,0,7,0
BRDA:4,0,8,0
BRDA:4,0,9,0
BRDA:4,0,10,0
BRDA:4,0,11,0
BRF:12
BRH:0
end_of_record
